2026-04-06 16:47:39, MOVE, v:1, k:fup@segundos, mode:PICK
2026-04-06 16:47:47, EXEC, v:1, k:fup@segundos, mode:FULL, rate:100
2026-04-06 16:47:48, EXEC, v:1, k:fup@segundos, mode:FULL, rate:100
2026-04-06 16:47:48, EXEC, v:1, k:fup@segundos, mode:FULL, rate:100
2026-04-06 16:47:49, EXEC, v:1, k:fup@segundos, mode:FULL, rate:100
2026-04-06 16:47:49, EXEC, v:1, k:fup@segundos, mode:FULL, rate:100
2026-04-06 16:47:50, EXEC, v:1, k:fup@segundos, mode:FULL, rate:100
2026-04-06 16:47:50, EXEC, v:1, k:fup@segundos, mode:FULL, rate:100
2026-04-06 16:47:51, EXEC, v:1, k:fup@segundos, mode:FULL, rate:100
2026-04-06 16:47:57, MOVE, v:1, k:fup@segundos, mode:BACK
2026-04-06 16:48:02, MOVE, v:1, k:fup@segundos, mode:PICK
2026-04-06 16:48:03, EXEC, v:1, k:fup@segundos, mode:FULL, rate:100
2026-04-06 16:48:03, EXEC, v:1, k:fup@segundos, mode:FULL, rate:100
2026-04-06 16:48:36, MOVE, v:1, k:fup@segundos, mode:BACK
2026-04-06 16:48:43, MOVE, v:1, k:fup@pintando, mode:PICK
2026-04-06 16:48:44, EXEC, v:1, k:fup@pintando, mode:FULL, rate:100
2026-04-06 16:48:44, EXEC, v:1, k:fup@pintando, mode:FULL, rate:100
2026-04-06 16:48:49, MOVE, v:1, k:fup@pintando, mode:BACK
2026-04-06 16:49:00, SELF, v:1, k:fup@pintando, self:1, rate:100, study:20
2026-04-06 16:49:19, MOVE, v:1, k:fup@bala, mode:DOWN
2026-04-06 16:49:23, MOVE, v:1, k:fup@bala, mode:PICK
2026-04-06 16:49:24, EXEC, v:1, k:fup@bala, mode:FULL, rate:0, size:5
2026-04-06 16:49:48, MOVE, v:1, k:fup@bala, mode:BACK
2026-04-06 16:50:39, MOVE, v:1, k:fup@segundos, mode:PICK
2026-04-06 16:50:41, EXEC, v:1, k:fup@segundos, mode:FULL, rate:100
2026-04-06 16:50:43, MOVE, v:1, k:fup@segundos, mode:BACK
2026-04-06 16:51:13, SELF, v:1, k:fup@segundos, self:1, rate:100, study:40, friend:hanna
2026-04-06 16:51:24, SELF, v:1, k:fup@pintando, self:1, rate:100, study:20
2026-04-06 16:51:27, MOVE, v:1, k:fup@bala, mode:PICK
2026-04-06 16:51:28, EXEC, v:1, k:fup@bala, mode:FULL, rate:0
2026-04-06 17:35:08, EXEC, v:1, k:fup@bala, mode:FULL, rate:0, size:15
2026-04-06 17:36:37, EXEC, v:1, k:fup@bala, mode:FULL, rate:0, size:15
2026-04-06 17:38:06, EXEC, v:1, k:fup@bala, mode:FULL, rate:0, size:16
2026-04-06 17:40:27, EXEC, v:1, k:fup@bala, mode:FULL, size:13, fail:COMP
2026-04-06 17:40:42, EXEC, v:1, k:fup@bala, mode:FULL, size:13, fail:COMP
2026-04-06 17:41:43, EXEC, v:1, k:fup@bala, mode:FULL, size:13, fail:COMP
2026-04-06 17:45:05, MOVE, v:1, k:fup@bala, mode:BACK
2026-04-06 17:46:05, MOVE, v:1, k:fup@positivo, mode:PICK
2026-04-06 17:46:06, EXEC, v:1, k:fup@positivo, mode:FULL, rate:100
2026-04-06 17:46:07, EXEC, v:1, k:fup@positivo, mode:FULL, rate:100
2026-04-06 17:46:09, MOVE, v:1, k:fup@positivo, mode:BACK
2026-04-06 17:46:13, MOVE, v:1, k:fup@multiplo, mode:PICK
2026-04-06 17:46:14, EXEC, v:1, k:fup@multiplo, mode:FULL, size:10, fail:COMP
2026-04-06 17:46:33, EXEC, v:1, k:fup@multiplo, mode:FULL, fail:COMP
2026-04-06 17:46:34, EXEC, v:1, k:fup@multiplo, mode:FULL, fail:COMP
2026-04-06 17:50:52, EXEC, v:1, k:fup@multiplo, mode:FULL, rate:0, size:12
2026-04-06 17:52:29, EXEC, v:1, k:fup@multiplo, mode:FULL, rate:0, size:12
2026-04-06 17:54:54, EXEC, v:1, k:fup@multiplo, mode:FULL, rate:100, size:12
2026-04-06 17:55:15, EXEC, v:1, k:fup@multiplo, mode:FULL, rate:100
2026-04-06 17:55:19, EXEC, v:1, k:fup@multiplo, mode:FULL, rate:100
2026-04-06 17:55:20, MOVE, v:1, k:fup@multiplo, mode:BACK
2026-04-06 17:55:54, SELF, v:1, k:fup@multiplo, self:1, rate:100, study:15
2026-04-06 17:55:58, MOVE, v:1, k:fup@calc, mode:DOWN
2026-04-06 17:55:59, MOVE, v:1, k:fup@calc, mode:PICK
2026-04-06 17:56:04, EXEC, v:1, k:fup@calc, mode:FULL, rate:0, size:5
2026-04-06 18:05:07, EXEC, v:1, k:fup@calc, mode:FULL, rate:100, size:17
2026-04-06 18:05:33, EXEC, v:1, k:fup@calc, mode:FULL, rate:100
2026-04-06 18:05:36, EXEC, v:1, k:fup@calc, mode:FULL, rate:100
2026-04-06 18:05:41, EXEC, v:1, k:fup@calc, mode:FREE
2026-04-06 18:06:54, EXEC, v:1, k:fup@calc, mode:FULL, rate:100
2026-04-06 18:06:56, MOVE, v:1, k:fup@calc, mode:BACK
2026-04-06 18:08:49, SELF, v:1, k:fup@calc, self:1, rate:100, study:15
2026-04-06 18:11:20, MOVE, v:1, k:fup@guarda, mode:DOWN
2026-04-06 18:11:22, MOVE, v:1, k:fup@guarda, mode:PICK
2026-04-06 18:11:24, EXEC, v:1, k:fup@guarda, mode:FULL, rate:0, size:5
2026-04-06 18:11:28, EXEC, v:1, k:fup@guarda, mode:FREE
2026-04-06 18:25:24, EXEC, v:1, k:fup@guarda, mode:FULL, size:16, fail:COMP
2026-04-06 18:26:52, EXEC, v:1, k:fup@guarda, mode:FULL, rate:71, size:17
2026-04-06 18:27:15, EXEC, v:1, k:fup@guarda, mode:FULL, rate:85, size:17
2026-04-06 18:27:59, EXEC, v:1, k:fup@guarda, mode:FULL, rate:100, size:19
2026-04-06 18:28:12, MOVE, v:1, k:fup@guarda, mode:BACK
