2026-04-30 10:45:56, MOVE, v:1, k:fup@quebrada, mode:PICK
2026-04-30 10:45:58, EXEC, v:1, k:fup@quebrada, mode:FULL, rate:100
2026-04-30 10:46:00, MOVE, v:1, k:fup@quebrada, mode:BACK
2026-04-30 10:46:02, MOVE, v:1, k:fup@operacoes, mode:PICK
2026-04-30 10:46:03, EXEC, v:1, k:fup@operacoes, mode:FULL, rate:100
2026-04-30 10:46:04, MOVE, v:1, k:fup@operacoes, mode:BACK
2026-04-30 10:46:34, MOVE, v:1, k:fup@impar, mode:PICK
2026-04-30 10:46:36, EXEC, v:1, k:fup@impar, mode:FULL, rate:100
2026-04-30 10:46:37, MOVE, v:1, k:fup@impar, mode:BACK
2026-04-30 10:46:39, MOVE, v:1, k:fup@round, mode:PICK
2026-04-30 10:46:41, EXEC, v:1, k:fup@round, mode:FULL, rate:100
2026-04-30 10:46:44, MOVE, v:1, k:fup@round, mode:BACK
2026-04-30 10:46:51, MOVE, v:1, k:fup@mumia, mode:DOWN
2026-04-30 10:46:52, MOVE, v:1, k:fup@mumia, mode:PICK
2026-04-30 10:46:54, EXEC, v:1, k:fup@mumia, mode:FULL, rate:0, size:5
2026-04-30 10:45:57, MOVE, v:1, k:fup@quebrada, mode:EDIT
2026-04-30 10:46:03, MOVE, v:1, k:fup@operacoes, mode:EDIT
2026-04-30 10:46:35, MOVE, v:1, k:fup@impar, mode:EDIT
2026-04-30 10:46:41, MOVE, v:1, k:fup@round, mode:EDIT
2026-04-30 10:47:02, MOVE, v:1, k:fup@mumia, mode:EDIT
2026-04-30 10:46:51, MOVE, v:1, k:fup@mumia, mode:EDIT
2026-04-30 10:50:09, MOVE, v:1, k:fup@mumia, mode:EDIT
2026-04-30 10:46:54, MOVE, v:1, k:fup@mumia, mode:EDIT
2026-04-30 10:55:17, MOVE, v:1, k:fup@mumia, mode:EDIT
2026-04-30 10:59:24, EXEC, v:1, k:fup@mumia, mode:FULL, rate:100, size:18
2026-04-30 10:59:27, MOVE, v:1, k:fup@mumia, mode:BACK
2026-04-30 10:59:39, SELF, v:1, k:fup@mumia, self:1, rate:100, study:15
2026-04-30 10:59:21, MOVE, v:1, k:fup@mumia, mode:EDIT
2026-04-30 10:59:24, MOVE, v:1, k:fup@mumia, mode:EDIT
2026-04-30 11:01:07, MOVE, v:1, k:fup@loop_i, mode:PICK
2026-04-30 11:01:08, EXEC, v:1, k:fup@loop_i, mode:FULL, rate:100
2026-04-30 11:01:54, MOVE, v:1, k:fup@loop_i, mode:BACK
2026-04-30 11:01:57, MOVE, v:1, k:fup@loop_ii, mode:PICK
2026-04-30 11:01:58, EXEC, v:1, k:fup@loop_ii, mode:FULL, rate:100
2026-04-30 11:03:02, MOVE, v:1, k:fup@loop_ii, mode:BACK
2026-04-30 11:03:05, MOVE, v:1, k:fup@loop_iii, mode:PICK
2026-04-30 11:03:06, EXEC, v:1, k:fup@loop_iii, mode:FULL, rate:100
2026-04-30 11:04:28, MOVE, v:1, k:fup@loop_iii, mode:BACK
2026-04-30 11:04:32, MOVE, v:1, k:fup@loop_iv, mode:PICK
2026-04-30 11:04:33, EXEC, v:1, k:fup@loop_iv, mode:FULL, rate:100
2026-04-30 11:01:08, MOVE, v:1, k:fup@loop_i, mode:EDIT
2026-04-30 11:01:58, MOVE, v:1, k:fup@loop_ii, mode:EDIT
2026-04-30 11:03:05, MOVE, v:1, k:fup@loop_iii, mode:EDIT
2026-04-30 11:04:33, MOVE, v:1, k:fup@loop_iv, mode:EDIT
2026-04-30 11:07:17, MOVE, v:1, k:fup@loop_iv, mode:BACK
2026-04-30 11:07:20, MOVE, v:1, k:fup@loop_v, mode:PICK
2026-04-30 11:07:21, EXEC, v:1, k:fup@loop_v, mode:FULL, rate:100
2026-04-30 11:07:21, MOVE, v:1, k:fup@loop_v, mode:EDIT
2026-04-30 11:14:23, MOVE, v:1, k:fup@loop_v, mode:BACK
2026-04-30 11:14:26, MOVE, v:1, k:fup@pares, mode:DOWN
2026-04-30 11:14:27, MOVE, v:1, k:fup@pares, mode:PICK
2026-04-30 11:14:28, EXEC, v:1, k:fup@pares, mode:FULL, rate:0, size:5
2026-04-30 11:14:26, MOVE, v:1, k:fup@pares, mode:EDIT
2026-04-30 11:14:26, MOVE, v:1, k:fup@pares, mode:EDIT
2026-04-30 11:14:28, MOVE, v:1, k:fup@pares, mode:EDIT
2026-04-30 11:15:49, MOVE, v:1, k:fup@pares, mode:EDIT
2026-04-30 11:20:36, MOVE, v:1, k:fup@pares, mode:EDIT
2026-04-30 11:21:56, EXEC, v:1, k:fup@pares, mode:FULL, rate:0, size:14
2026-04-30 11:25:49, MOVE, v:1, k:fup@pares, mode:EDIT
2026-04-30 11:21:56, MOVE, v:1, k:fup@pares, mode:EDIT
2026-04-30 11:28:09, EXEC, v:1, k:fup@pares, mode:FULL, rate:0, size:17
2026-04-30 11:29:01, EXEC, v:1, k:fup@pares, mode:FULL, rate:57, size:17
2026-04-30 11:30:45, EXEC, v:1, k:fup@pares, mode:FULL, rate:71, size:18
2026-04-30 11:30:25, MOVE, v:1, k:fup@pares, mode:EDIT
2026-04-30 11:30:45, MOVE, v:1, k:fup@pares, mode:EDIT
2026-04-30 11:31:56, EXEC, v:1, k:fup@pares, mode:FULL, rate:100, size:20
2026-04-30 11:31:59, MOVE, v:1, k:fup@pares, mode:BACK
2026-04-30 11:32:28, SELF, v:1, k:fup@pares, self:1, rate:100, study:21
2026-04-30 11:33:59, MOVE, v:1, k:fup@vet_i, mode:PICK
2026-04-30 11:34:01, EXEC, v:1, k:fup@vet_i, mode:FULL, rate:100
2026-04-30 11:31:49, MOVE, v:1, k:fup@pares, mode:EDIT
2026-04-30 11:31:56, MOVE, v:1, k:fup@pares, mode:EDIT
2026-04-30 11:34:00, MOVE, v:1, k:fup@vet_i, mode:EDIT
2026-04-30 11:40:00, MOVE, v:1, k:fup@vet_i, mode:BACK
2026-04-30 11:40:03, MOVE, v:1, k:fup@vet_ii, mode:PICK
2026-04-30 11:40:04, EXEC, v:1, k:fup@vet_ii, mode:FULL, rate:100
2026-04-30 11:40:04, MOVE, v:1, k:fup@vet_ii, mode:EDIT
2026-04-30 11:42:24, MOVE, v:1, k:fup@vet_ii, mode:BACK
2026-04-30 11:42:26, MOVE, v:1, k:fup@vet_iii, mode:PICK
2026-04-30 11:42:28, EXEC, v:1, k:fup@vet_iii, mode:FULL, rate:100
2026-04-30 11:45:43, MOVE, v:1, k:fup@vet_iii, mode:BACK
2026-04-30 11:45:47, MOVE, v:1, k:fup@apertada, mode:PICK
2026-04-30 11:45:48, EXEC, v:1, k:fup@apertada, mode:FULL, rate:100
2026-04-30 11:42:28, MOVE, v:1, k:fup@vet_iii, mode:EDIT
2026-04-30 11:45:48, MOVE, v:1, k:fup@apertada, mode:EDIT
2026-04-30 11:48:00, MOVE, v:1, k:fup@apertada, mode:BACK
2026-04-30 11:48:03, MOVE, v:1, k:fup@dieta, mode:PICK
2026-04-30 11:48:04, EXEC, v:1, k:fup@dieta, mode:FULL, rate:100
2026-04-30 11:48:04, MOVE, v:1, k:fup@dieta, mode:EDIT
2026-04-30 11:53:10, MOVE, v:1, k:fup@dieta, mode:BACK
2026-04-30 11:53:13, MOVE, v:1, k:fup@patas, mode:DOWN
2026-04-30 11:53:14, MOVE, v:1, k:fup@patas, mode:PICK
2026-04-30 11:53:16, EXEC, v:1, k:fup@patas, mode:FULL, rate:0, size:5
2026-04-30 11:53:30, MOVE, v:1, k:fup@patas, mode:EDIT
2026-04-30 11:53:13, MOVE, v:1, k:fup@patas, mode:EDIT
2026-04-30 11:55:33, MOVE, v:1, k:fup@patas, mode:EDIT
2026-04-30 11:53:16, MOVE, v:1, k:fup@patas, mode:EDIT
2026-04-30 12:00:45, MOVE, v:1, k:fup@patas, mode:EDIT
2026-04-30 12:01:48, MOVE, v:1, k:fup@patas, mode:EDIT
2026-04-30 12:10:49, MOVE, v:1, k:fup@patas, mode:EDIT
2026-04-30 12:13:52, MOVE, v:1, k:fup@patas, mode:EDIT
2026-04-30 12:20:26, MOVE, v:1, k:fup@patas, mode:EDIT
2026-04-30 12:24:39, EXEC, v:1, k:fup@patas, mode:FULL, rate:0, size:32
2026-04-30 12:24:35, MOVE, v:1, k:fup@patas, mode:EDIT
2026-04-30 12:24:39, MOVE, v:1, k:fup@patas, mode:EDIT
2026-04-30 12:30:51, EXEC, v:1, k:fup@patas, mode:FULL, rate:14, size:36
2026-04-30 12:30:48, MOVE, v:1, k:fup@patas, mode:EDIT
2026-04-30 12:30:51, MOVE, v:1, k:fup@patas, mode:EDIT
2026-04-30 12:38:41, EXEC, v:1, k:fup@patas, mode:FREE
2026-04-30 12:38:42, MOVE, v:1, k:fup@patas, mode:EDIT
2026-04-30 12:40:51, MOVE, v:1, k:fup@patas, mode:EDIT
2026-04-30 12:43:48, EXEC, v:1, k:fup@patas, mode:FULL, rate:28, size:36
2026-04-30 12:45:41, EXEC, v:1, k:fup@patas, mode:FULL, rate:28, size:36
2026-04-30 12:45:38, MOVE, v:1, k:fup@patas, mode:EDIT
2026-04-30 12:45:40, MOVE, v:1, k:fup@patas, mode:EDIT
2026-04-30 12:46:18, EXEC, v:1, k:fup@patas, mode:FULL, rate:71, size:36
2026-04-30 12:47:04, EXEC, v:1, k:fup@patas, mode:FULL, rate:71, size:36
2026-04-30 12:47:01, MOVE, v:1, k:fup@patas, mode:EDIT
2026-04-30 12:47:04, MOVE, v:1, k:fup@patas, mode:EDIT
2026-04-30 12:55:18, EXEC, v:1, k:fup@patas, mode:FULL, size:40, fail:COMP
2026-04-30 12:55:51, MOVE, v:1, k:fup@patas, mode:EDIT
2026-04-30 12:57:52, EXEC, v:1, k:fup@patas, mode:FULL, rate:100, size:40
2026-04-30 12:58:02, MOVE, v:1, k:fup@patas, mode:BACK
2026-04-30 12:58:33, SELF, v:1, k:fup@patas, self:1, rate:100, study:67, concept:1
