2026-03-17 12:17:16, MOVE, v:1, k:fup@tres, mode:PICK
2026-03-17 12:17:25, EXEC, v:1, k:fup@tres, mode:FULL, rate:100
2026-03-17 12:17:25, EXEC, v:1, k:fup@tres, mode:FULL, rate:100
2026-03-17 12:17:25, EXEC, v:1, k:fup@tres, mode:FULL, rate:100
2026-03-17 16:46:27, MOVE, v:1, k:fup@tres, mode:PICK
2026-03-17 16:46:31, EXEC, v:1, k:fup@tres, mode:FULL, rate:100
2026-03-17 16:46:31, EXEC, v:1, k:fup@tres, mode:FULL, rate:100
2026-03-17 16:53:13, MOVE, v:1, k:fup@tres, mode:BACK
2026-03-17 16:54:07, MOVE, v:1, k:fup@tres, mode:PICK
2026-03-17 16:54:08, EXEC, v:1, k:fup@tres, mode:FULL, rate:100
2026-03-17 16:54:09, EXEC, v:1, k:fup@tres, mode:FULL, rate:100
2026-03-17 16:54:09, EXEC, v:1, k:fup@tres, mode:FULL, rate:100
2026-03-17 16:54:10, EXEC, v:1, k:fup@tres, mode:FULL, rate:100
2026-03-17 16:54:16, EXEC, v:1, k:fup@tres, mode:FREE
2026-03-17 16:55:08, MOVE, v:1, k:fup@tres, mode:BACK
2026-03-17 16:55:12, MOVE, v:1, k:fup@tres, mode:PICK
2026-03-17 16:55:13, EXEC, v:1, k:fup@tres, mode:FULL, rate:100
2026-03-17 16:55:16, MOVE, v:1, k:fup@tres, mode:BACK
2026-03-17 16:55:19, MOVE, v:1, k:fup@resto, mode:PICK
2026-03-17 16:55:22, EXEC, v:1, k:fup@resto, mode:FULL, rate:0
2026-03-17 16:55:22, EXEC, v:1, k:fup@resto, mode:FULL, rate:0
2026-03-17 16:56:55, EXEC, v:1, k:fup@resto, mode:FREE
2026-03-17 16:57:55, EXEC, v:1, k:fup@resto, mode:FREE
2026-03-17 16:59:00, EXEC, v:1, k:fup@resto, mode:FREE
2026-03-17 17:01:35, EXEC, v:1, k:fup@resto, mode:FREE
2026-03-17 17:02:14, EXEC, v:1, k:fup@resto, mode:FREE
2026-03-17 17:05:51, EXEC, v:1, k:fup@resto, mode:FREE
2026-03-17 17:13:03, MOVE, v:1, k:fup@resto, mode:BACK
2026-03-17 17:13:07, MOVE, v:1, k:sandbox@user_001, mode:PICK
2026-03-17 17:13:08, EXEC, v:1, k:sandbox@user_001, mode:LOCK, rate:0, size:11
2026-03-17 17:13:09, EXEC, v:1, k:sandbox@user_001, mode:LOCK, rate:0
2026-03-17 17:13:24, EXEC, v:1, k:sandbox@user_001, mode:FREE
2026-03-17 17:15:03, EXEC, v:1, k:sandbox@user_001, mode:FREE
2026-03-17 17:16:01, EXEC, v:1, k:sandbox@user_001, mode:FREE
2026-03-17 17:17:12, EXEC, v:1, k:sandbox@user_001, mode:FREE, size:10
2026-03-17 17:17:33, MOVE, v:1, k:sandbox@user_001, mode:BACK
2026-03-17 17:17:37, MOVE, v:1, k:fup@resto, mode:PICK
2026-03-17 17:17:39, EXEC, v:1, k:fup@resto, mode:FULL, rate:0
2026-03-17 17:17:44, EXEC, v:1, k:fup@resto, mode:FREE
2026-03-17 17:18:19, EXEC, v:1, k:fup@resto, mode:FREE
2026-03-17 17:18:40, MOVE, v:1, k:fup@resto, mode:BACK
2026-03-17 17:18:40, MOVE, v:1, k:fup@resto, mode:PICK
2026-03-17 17:18:43, EXEC, v:1, k:fup@resto, mode:FULL, rate:0
2026-03-17 17:18:45, MOVE, v:1, k:fup@resto, mode:BACK
2026-03-17 17:18:45, MOVE, v:1, k:fup@resto, mode:PICK
2026-03-17 17:18:48, EXEC, v:1, k:fup@resto, mode:FULL, rate:0
2026-03-17 17:18:50, MOVE, v:1, k:fup@resto, mode:BACK
2026-03-17 17:18:50, MOVE, v:1, k:fup@resto, mode:PICK
2026-03-17 17:18:51, MOVE, v:1, k:fup@resto, mode:BACK
2026-03-17 17:18:51, MOVE, v:1, k:fup@resto, mode:PICK
2026-03-17 17:18:52, MOVE, v:1, k:fup@resto, mode:BACK
2026-03-17 17:19:31, MOVE, v:1, k:fup@resto, mode:PICK
2026-03-17 17:19:34, EXEC, v:1, k:fup@resto, mode:FULL, rate:0
2026-03-17 17:19:42, MOVE, v:1, k:fup@resto, mode:BACK
2026-03-17 17:19:42, MOVE, v:1, k:fup@resto, mode:PICK
2026-03-17 17:19:43, MOVE, v:1, k:fup@resto, mode:BACK
2026-03-17 17:19:44, MOVE, v:1, k:fup@resto, mode:PICK
2026-03-17 17:19:49, MOVE, v:1, k:fup@resto, mode:BACK
2026-03-17 17:19:49, MOVE, v:1, k:fup@resto, mode:PICK
2026-03-17 17:19:50, MOVE, v:1, k:fup@resto, mode:BACK
2026-03-17 17:19:50, MOVE, v:1, k:fup@resto, mode:PICK
2026-03-17 17:19:51, MOVE, v:1, k:fup@resto, mode:BACK
2026-03-17 17:19:51, MOVE, v:1, k:fup@resto, mode:PICK
2026-03-17 17:19:51, EXEC, v:1, k:fup@resto, mode:FULL, rate:0
2026-03-17 17:19:53, EXEC, v:1, k:fup@resto, mode:FULL, rate:0
2026-03-17 17:19:53, EXEC, v:1, k:fup@resto, mode:FULL, rate:0
2026-03-17 17:19:54, MOVE, v:1, k:fup@resto, mode:BACK
2026-03-17 17:19:54, MOVE, v:1, k:fup@resto, mode:PICK
2026-03-17 17:19:55, MOVE, v:1, k:fup@resto, mode:BACK
2026-03-17 17:20:38, MOVE, v:1, k:fup@resto, mode:PICK
2026-03-17 17:20:40, EXEC, v:1, k:fup@resto, mode:FULL, rate:0
2026-03-17 17:20:59, EXEC, v:1, k:fup@resto, mode:FULL, rate:0
2026-03-17 17:21:01, EXEC, v:1, k:fup@resto, mode:FULL, rate:0
2026-03-17 17:21:01, EXEC, v:1, k:fup@resto, mode:FULL, rate:0
2026-03-17 17:21:01, EXEC, v:1, k:fup@resto, mode:FULL, rate:0
2026-03-17 17:21:02, EXEC, v:1, k:fup@resto, mode:FULL, rate:0
2026-03-17 17:21:10, MOVE, v:1, k:fup@resto, mode:BACK
2026-03-17 17:21:10, MOVE, v:1, k:fup@resto, mode:PICK
2026-03-17 17:21:11, MOVE, v:1, k:fup@resto, mode:BACK
2026-03-17 17:23:11, MOVE, v:1, k:fup@resto, mode:PICK
2026-03-17 17:23:12, EXEC, v:1, k:fup@resto, mode:FULL, rate:0
2026-03-17 18:12:50, EXEC, v:1, k:fup@resto, mode:FULL, rate:0, size:9
2026-03-17 18:12:51, EXEC, v:1, k:fup@resto, mode:FULL, rate:0
