2026-05-08 10:42:39, MOVE, v:1, k:fup@xuxa, mode:PICK
2026-05-08 10:42:41, EXEC, v:1, k:fup@xuxa, mode:FULL, rate:100
2026-05-08 10:42:41, MOVE, v:1, k:fup@xuxa, mode:EDIT
2026-05-08 10:49:10, MOVE, v:1, k:fup@xuxa, mode:BACK
2026-05-08 10:49:17, MOVE, v:1, k:fup@inverte, mode:DOWN
2026-05-08 10:49:18, MOVE, v:1, k:fup@inverte, mode:PICK
2026-05-08 10:49:19, EXEC, v:1, k:fup@inverte, mode:FULL, rate:0, size:5
2026-05-08 10:49:17, MOVE, v:1, k:fup@inverte, mode:EDIT
2026-05-08 10:49:17, MOVE, v:1, k:fup@inverte, mode:EDIT
2026-05-08 10:49:19, MOVE, v:1, k:fup@inverte, mode:EDIT
2026-05-08 10:51:44, MOVE, v:1, k:fup@inverte, mode:EDIT
2026-05-08 10:57:01, MOVE, v:1, k:fup@inverte, mode:EDIT
2026-05-08 11:02:02, MOVE, v:1, k:fup@inverte, mode:EDIT
2026-05-08 11:04:46, EXEC, v:1, k:fup@inverte, mode:FULL, size:18, fail:COMP
2026-05-08 11:07:00, MOVE, v:1, k:fup@inverte, mode:EDIT
2026-05-08 11:12:03, MOVE, v:1, k:fup@inverte, mode:EDIT
2026-05-08 11:15:11, MOVE, v:1, k:fup@inverte, mode:EDIT
2026-05-08 11:17:57, MOVE, v:1, k:fup@inverte, mode:EDIT
2026-05-08 11:26:55, MOVE, v:1, k:fup@inverte, mode:EDIT
2026-05-08 11:31:20, MOVE, v:1, k:fup@inverte, mode:EDIT
2026-05-08 11:36:34, MOVE, v:1, k:fup@inverte, mode:EDIT
2026-05-08 11:40:36, EXEC, v:1, k:fup@inverte, mode:FULL, rate:100, size:23
2026-05-08 11:40:33, MOVE, v:1, k:fup@inverte, mode:EDIT
2026-05-08 11:40:36, MOVE, v:1, k:fup@inverte, mode:EDIT
2026-05-08 11:44:14, MOVE, v:1, k:fup@inverte, mode:BACK
2026-05-08 11:46:38, SELF, v:1, k:fup@inverte, self:1, rate:100, study:50, concept:1, problem:1, code:1
2026-05-08 11:48:06, MOVE, v:1, k:fup@final, mode:DOWN
2026-05-08 11:48:07, MOVE, v:1, k:fup@final, mode:PICK
2026-05-08 11:48:08, EXEC, v:1, k:fup@final, mode:FULL, rate:0, size:5
2026-05-08 11:48:06, MOVE, v:1, k:fup@final, mode:EDIT
2026-05-08 11:48:06, MOVE, v:1, k:fup@final, mode:EDIT
2026-05-08 11:48:08, MOVE, v:1, k:fup@final, mode:EDIT
2026-05-08 11:52:05, MOVE, v:1, k:fup@final, mode:EDIT
2026-05-08 11:57:03, MOVE, v:1, k:fup@final, mode:EDIT
2026-05-08 12:00:49, EXEC, v:1, k:fup@final, mode:FULL, rate:60, size:17
2026-05-08 12:01:24, EXEC, v:1, k:fup@final, mode:FULL, rate:60, size:19
2026-05-08 12:02:05, MOVE, v:1, k:fup@final, mode:EDIT
2026-05-08 12:01:24, MOVE, v:1, k:fup@final, mode:EDIT
2026-05-08 12:02:14, EXEC, v:1, k:fup@final, mode:FULL, rate:60, size:19
2026-05-08 12:02:14, EXEC, v:1, k:fup@final, mode:FULL, rate:60, size:19
2026-05-08 12:04:14, EXEC, v:1, k:fup@final, mode:FULL, rate:60, size:19
2026-05-08 12:06:33, EXEC, v:1, k:fup@final, mode:FULL, rate:60, size:19
2026-05-08 12:06:31, MOVE, v:1, k:fup@final, mode:EDIT
2026-05-08 12:06:33, MOVE, v:1, k:fup@final, mode:EDIT
2026-05-08 12:07:29, MOVE, v:1, k:fup@final, mode:BACK
2026-05-08 12:08:11, MOVE, v:1, k:fup@ceu, mode:DOWN
2026-05-08 12:08:12, MOVE, v:1, k:fup@ceu, mode:PICK
2026-05-08 12:08:13, EXEC, v:1, k:fup@ceu, mode:FULL, rate:0, size:5
2026-05-08 12:08:11, MOVE, v:1, k:fup@ceu, mode:EDIT
2026-05-08 12:08:11, MOVE, v:1, k:fup@ceu, mode:EDIT
2026-05-08 12:12:02, MOVE, v:1, k:fup@ceu, mode:EDIT
2026-05-08 12:08:13, MOVE, v:1, k:fup@ceu, mode:EDIT
2026-05-08 12:16:39, EXEC, v:1, k:fup@ceu, mode:FULL, rate:0, size:11
2026-05-08 12:16:54, EXEC, v:1, k:fup@ceu, mode:FULL, rate:0, size:11
2026-05-08 12:16:52, MOVE, v:1, k:fup@ceu, mode:EDIT
2026-05-08 12:16:54, MOVE, v:1, k:fup@ceu, mode:EDIT
2026-05-08 12:18:15, EXEC, v:1, k:fup@ceu, mode:FULL, rate:0, size:13
2026-05-08 12:18:43, EXEC, v:1, k:fup@ceu, mode:FULL, rate:0, size:13
2026-05-08 12:19:43, EXEC, v:1, k:fup@ceu, mode:FULL, rate:0, size:13
2026-05-08 12:20:22, EXEC, v:1, k:fup@ceu, mode:FULL, rate:20, size:13
2026-05-08 12:20:19, MOVE, v:1, k:fup@ceu, mode:EDIT
2026-05-08 12:20:22, MOVE, v:1, k:fup@ceu, mode:EDIT
2026-05-08 12:22:36, EXEC, v:1, k:fup@ceu, mode:FULL, rate:0, size:16
2026-05-08 12:24:18, EXEC, v:1, k:fup@ceu, mode:FULL, rate:20, size:15
2026-05-08 12:27:07, MOVE, v:1, k:fup@ceu, mode:EDIT
2026-05-08 12:24:18, MOVE, v:1, k:fup@ceu, mode:EDIT
2026-05-08 12:28:12, EXEC, v:1, k:fup@ceu, mode:FULL, rate:20, size:18
2026-05-08 12:28:38, EXEC, v:1, k:fup@ceu, mode:FULL, rate:20, size:18
2026-05-08 12:28:47, EXEC, v:1, k:fup@ceu, mode:FULL, rate:100, size:18
2026-05-08 12:28:52, MOVE, v:1, k:fup@ceu, mode:BACK
2026-05-08 12:29:01, SELF, v:1, k:fup@ceu, self:1, rate:100, study:30
2026-05-08 12:29:33, MOVE, v:1, k:fup@batraquios, mode:DOWN
2026-05-08 12:29:34, MOVE, v:1, k:fup@batraquios, mode:PICK
2026-05-08 12:29:35, EXEC, v:1, k:fup@batraquios, mode:FULL, rate:0, size:5
2026-05-08 12:28:46, MOVE, v:1, k:fup@ceu, mode:EDIT
2026-05-08 12:28:47, MOVE, v:1, k:fup@ceu, mode:EDIT
2026-05-08 12:29:33, MOVE, v:1, k:fup@batraquios, mode:EDIT
2026-05-08 12:29:33, MOVE, v:1, k:fup@batraquios, mode:EDIT
2026-05-08 12:29:35, MOVE, v:1, k:fup@batraquios, mode:EDIT
2026-05-08 12:42:07, MOVE, v:1, k:fup@batraquios, mode:EDIT
2026-05-08 12:46:42, EXEC, v:1, k:fup@batraquios, mode:FULL, rate:0, size:18
2026-05-08 12:46:49, EXEC, v:1, k:fup@batraquios, mode:FULL, rate:0, size:18
2026-05-08 12:46:48, MOVE, v:1, k:fup@batraquios, mode:EDIT
2026-05-08 12:46:49, MOVE, v:1, k:fup@batraquios, mode:EDIT
2026-05-08 12:49:41, MOVE, v:1, k:fup@batraquios, mode:BACK
