2026-05-07 10:48:20, MOVE, v:1, k:fup@tv, mode:PICK
2026-05-07 10:48:21, EXEC, v:1, k:fup@tv, mode:FULL, size:9, fail:COMP
2026-05-07 10:48:27, MOVE, v:1, k:fup@tv, mode:EDIT
2026-05-07 10:52:13, MOVE, v:1, k:fup@tv, mode:EDIT
2026-05-07 10:53:01, EXEC, v:1, k:fup@tv, mode:FULL, rate:0, size:9
2026-05-07 10:56:35, EXEC, v:1, k:fup@tv, mode:FULL, rate:0, size:13
2026-05-07 10:56:32, MOVE, v:1, k:fup@tv, mode:EDIT
2026-05-07 10:56:34, MOVE, v:1, k:fup@tv, mode:EDIT
2026-05-07 10:59:38, EXEC, v:1, k:fup@tv, mode:FULL, rate:0, size:13
2026-05-07 11:01:21, EXEC, v:1, k:fup@tv, mode:FULL, rate:0, size:13
2026-05-07 11:01:54, EXEC, v:1, k:fup@tv, mode:FULL, rate:0, size:13
2026-05-07 11:02:13, MOVE, v:1, k:fup@tv, mode:EDIT
2026-05-07 11:01:53, MOVE, v:1, k:fup@tv, mode:EDIT
2026-05-07 11:02:33, EXEC, v:1, k:fup@tv, mode:FULL, rate:0, size:13
2026-05-07 11:03:55, EXEC, v:1, k:fup@tv, mode:FULL, rate:0, size:14
2026-05-07 11:05:02, EXEC, v:1, k:fup@tv, mode:FULL, rate:0, size:15
2026-05-07 11:05:30, MOVE, v:1, k:fup@tv, mode:EDIT
2026-05-07 11:05:02, MOVE, v:1, k:fup@tv, mode:EDIT
2026-05-07 11:07:51, EXEC, v:1, k:fup@tv, mode:FULL, rate:0, size:15
2026-05-07 11:08:29, EXEC, v:1, k:fup@tv, mode:FULL, rate:0, size:15
2026-05-07 11:10:23, EXEC, v:1, k:fup@tv, mode:FULL, rate:16, size:19
2026-05-07 11:12:14, MOVE, v:1, k:fup@tv, mode:EDIT
2026-05-07 11:10:23, MOVE, v:1, k:fup@tv, mode:EDIT
2026-05-07 11:12:16, EXEC, v:1, k:fup@tv, mode:FULL, rate:16, size:21
2026-05-07 11:13:57, EXEC, v:1, k:fup@tv, mode:FULL, rate:100, size:22
2026-05-07 11:14:02, MOVE, v:1, k:fup@tv, mode:BACK
2026-05-07 11:14:16, SELF, v:1, k:fup@tv, self:1, rate:100, study:40
2026-05-07 11:14:16, MOVE, v:1, k:fup@tv, mode:PICK
2026-05-07 11:14:17, EXEC, v:1, k:fup@tv, mode:FULL, rate:100
2026-05-07 11:14:19, MOVE, v:1, k:fup@tv, mode:BACK
2026-05-07 11:14:27, MOVE, v:1, k:fup@jokenpo, mode:DOWN
2026-05-07 11:14:29, MOVE, v:1, k:fup@jokenpo, mode:PICK
2026-05-07 11:14:30, EXEC, v:1, k:fup@jokenpo, mode:FULL, rate:0, size:5
2026-05-07 11:14:17, MOVE, v:1, k:fup@tv, mode:EDIT
2026-05-07 11:13:54, MOVE, v:1, k:fup@tv, mode:EDIT
2026-05-07 11:14:27, MOVE, v:1, k:fup@jokenpo, mode:EDIT
2026-05-07 11:14:27, MOVE, v:1, k:fup@jokenpo, mode:EDIT
2026-05-07 11:14:36, MOVE, v:1, k:fup@jokenpo, mode:EDIT
2026-05-07 11:14:30, MOVE, v:1, k:fup@jokenpo, mode:EDIT
2026-05-07 11:26:08, MOVE, v:1, k:fup@jokenpo, mode:PICK
2026-05-07 11:26:09, EXEC, v:1, k:fup@jokenpo, mode:FULL, size:7, fail:COMP
2026-05-07 11:26:37, MOVE, v:1, k:fup@jokenpo, mode:EDIT
2026-05-07 11:30:46, EXEC, v:1, k:fup@jokenpo, mode:FULL, rate:37, size:10
2026-05-07 11:31:00, MOVE, v:1, k:fup@jokenpo, mode:EDIT
2026-05-07 11:30:46, MOVE, v:1, k:fup@jokenpo, mode:EDIT
2026-05-07 11:31:00, MOVE, v:1, k:fup@jokenpo, mode:EDIT
2026-05-07 11:30:46, MOVE, v:1, k:fup@jokenpo, mode:EDIT
2026-05-07 11:35:52, MOVE, v:1, k:fup@jokenpo, mode:EDIT
2026-05-07 11:37:14, MOVE, v:1, k:fup@jokenpo, mode:EDIT
2026-05-07 11:40:23, MOVE, v:1, k:fup@jokenpo, mode:EDIT
2026-05-07 11:42:16, MOVE, v:1, k:fup@jokenpo, mode:EDIT
2026-05-07 11:42:51, EXEC, v:1, k:fup@jokenpo, mode:FULL, rate:100, size:15
2026-05-07 11:42:53, MOVE, v:1, k:fup@jokenpo, mode:BACK
2026-05-07 11:43:10, SELF, v:1, k:fup@jokenpo, self:1, rate:100, study:30
2026-05-07 11:42:39, MOVE, v:1, k:fup@jokenpo, mode:EDIT
2026-05-07 11:42:51, MOVE, v:1, k:fup@jokenpo, mode:EDIT
2026-05-07 11:42:39, MOVE, v:1, k:fup@jokenpo, mode:EDIT
2026-05-07 11:42:51, MOVE, v:1, k:fup@jokenpo, mode:EDIT
2026-05-07 11:49:42, MOVE, v:1, k:fup@sapatos, mode:PICK
2026-05-07 11:49:43, EXEC, v:1, k:fup@sapatos, mode:FULL, rate:100
2026-05-07 11:51:02, MOVE, v:1, k:fup@sapatos, mode:BACK
2026-05-07 11:51:05, MOVE, v:1, k:fup@pares, mode:PICK
2026-05-07 11:51:06, EXEC, v:1, k:fup@pares, mode:FULL, rate:100
2026-05-07 11:49:43, MOVE, v:1, k:fup@sapatos, mode:EDIT
2026-05-07 11:51:06, MOVE, v:1, k:fup@pares, mode:EDIT
2026-05-07 11:49:43, MOVE, v:1, k:fup@sapatos, mode:EDIT
2026-05-07 11:51:06, MOVE, v:1, k:fup@pares, mode:EDIT
2026-05-07 11:54:44, MOVE, v:1, k:fup@pares, mode:BACK
2026-05-07 11:54:46, MOVE, v:1, k:fup@loop_v, mode:PICK
2026-05-07 11:54:47, EXEC, v:1, k:fup@loop_v, mode:FULL, rate:100
2026-05-07 11:56:05, MOVE, v:1, k:fup@loop_v, mode:BACK
2026-05-07 11:54:47, MOVE, v:1, k:fup@loop_v, mode:EDIT
2026-05-07 11:56:09, MOVE, v:1, k:fup@filhos, mode:DOWN
2026-05-07 11:56:10, MOVE, v:1, k:fup@filhos, mode:PICK
2026-05-07 11:54:47, MOVE, v:1, k:fup@loop_v, mode:EDIT
2026-05-07 11:56:17, MOVE, v:1, k:fup@filhos, mode:EDIT
2026-05-07 11:56:09, MOVE, v:1, k:fup@filhos, mode:EDIT
2026-05-07 11:57:15, MOVE, v:1, k:fup@filhos, mode:EDIT
2026-05-07 12:00:48, EXEC, v:1, k:fup@filhos, mode:FULL, rate:0, size:12
2026-05-07 11:56:17, MOVE, v:1, k:fup@filhos, mode:EDIT
2026-05-07 11:56:09, MOVE, v:1, k:fup@filhos, mode:EDIT
2026-05-07 12:00:31, MOVE, v:1, k:fup@filhos, mode:EDIT
2026-05-07 12:00:48, MOVE, v:1, k:fup@filhos, mode:EDIT
2026-05-07 12:01:37, EXEC, v:1, k:fup@filhos, mode:FULL, rate:0, size:12
2026-05-07 12:02:12, MOVE, v:1, k:fup@filhos, mode:EDIT
2026-05-07 12:01:37, MOVE, v:1, k:fup@filhos, mode:EDIT
2026-05-07 12:02:39, EXEC, v:1, k:fup@filhos, mode:FULL, rate:0, size:12
2026-05-07 12:06:08, MOVE, v:1, k:fup@filhos, mode:EDIT
2026-05-07 12:02:39, MOVE, v:1, k:fup@filhos, mode:EDIT
2026-05-07 12:06:11, EXEC, v:1, k:fup@filhos, mode:FULL, rate:0, size:14
2026-05-07 12:06:40, MOVE, v:1, k:fup@filhos, mode:EDIT
2026-05-07 12:06:11, MOVE, v:1, k:fup@filhos, mode:EDIT
2026-05-07 12:08:39, EXEC, v:1, k:fup@filhos, mode:FULL, rate:0, size:12
2026-05-07 12:10:37, MOVE, v:1, k:fup@filhos, mode:EDIT
2026-05-07 12:08:39, MOVE, v:1, k:fup@filhos, mode:EDIT
2026-05-07 12:12:16, MOVE, v:1, k:fup@filhos, mode:EDIT
2026-05-07 12:08:39, MOVE, v:1, k:fup@filhos, mode:EDIT
2026-05-07 12:15:57, MOVE, v:1, k:fup@filhos, mode:EDIT
2026-05-07 12:16:34, MOVE, v:1, k:fup@filhos, mode:EDIT
2026-05-07 12:16:34, MOVE, v:1, k:fup@filhos, mode:EDIT
2026-05-07 12:25:24, EXEC, v:1, k:fup@filhos, mode:FULL, rate:0, size:11
2026-05-07 12:26:04, MOVE, v:1, k:fup@filhos, mode:EDIT
2026-05-07 12:25:24, MOVE, v:1, k:fup@filhos, mode:EDIT
2026-05-07 12:26:16, EXEC, v:1, k:fup@filhos, mode:FULL, rate:66, size:13
2026-05-07 12:27:03, MOVE, v:1, k:fup@filhos, mode:EDIT
2026-05-07 12:26:16, MOVE, v:1, k:fup@filhos, mode:EDIT
2026-05-07 12:31:00, EXEC, v:1, k:fup@filhos, mode:FULL, rate:100, size:21
2026-05-07 12:31:06, MOVE, v:1, k:fup@filhos, mode:BACK
2026-05-07 12:30:51, MOVE, v:1, k:fup@filhos, mode:EDIT
2026-05-07 12:31:00, MOVE, v:1, k:fup@filhos, mode:EDIT
2026-05-07 12:31:35, SELF, v:1, k:fup@filhos, self:1, rate:100, study:45
2026-05-07 12:30:51, MOVE, v:1, k:fup@filhos, mode:EDIT
2026-05-07 12:31:00, MOVE, v:1, k:fup@filhos, mode:EDIT
2026-05-07 12:40:39, MOVE, v:1, k:fup@dindin, mode:PICK
2026-05-07 12:40:41, EXEC, v:1, k:fup@dindin, mode:FULL, rate:100
2026-05-07 12:40:41, MOVE, v:1, k:fup@dindin, mode:EDIT
2026-05-07 12:42:17, MOVE, v:1, k:fup@dindin, mode:BACK
2026-05-07 12:40:41, MOVE, v:1, k:fup@dindin, mode:EDIT
2026-05-07 12:42:22, MOVE, v:1, k:fup@patas, mode:PICK
2026-05-07 12:42:24, EXEC, v:1, k:fup@patas, mode:FULL, rate:100
2026-05-07 12:43:43, MOVE, v:1, k:fup@patas, mode:BACK
2026-05-07 12:43:48, MOVE, v:1, k:fup@repetidos, mode:DOWN
2026-05-07 12:43:49, MOVE, v:1, k:fup@repetidos, mode:PICK
2026-05-07 12:43:50, EXEC, v:1, k:fup@repetidos, mode:FULL, rate:0, size:5
2026-05-07 12:42:24, MOVE, v:1, k:fup@patas, mode:EDIT
2026-05-07 12:43:48, MOVE, v:1, k:fup@repetidos, mode:EDIT
2026-05-07 12:43:48, MOVE, v:1, k:fup@repetidos, mode:EDIT
2026-05-07 12:43:50, MOVE, v:1, k:fup@repetidos, mode:EDIT
2026-05-07 12:42:24, MOVE, v:1, k:fup@patas, mode:EDIT
2026-05-07 12:43:48, MOVE, v:1, k:fup@repetidos, mode:EDIT
2026-05-07 12:43:48, MOVE, v:1, k:fup@repetidos, mode:EDIT
2026-05-07 12:43:50, MOVE, v:1, k:fup@repetidos, mode:EDIT
2026-05-07 12:47:14, MOVE, v:1, k:fup@repetidos, mode:EDIT
2026-05-07 12:51:06, MOVE, v:1, k:fup@repetidos, mode:EDIT
2026-05-07 12:52:06, MOVE, v:1, k:fup@repetidos, mode:EDIT
2026-05-07 12:53:02, EXEC, v:1, k:fup@repetidos, mode:FULL, rate:0, size:18
2026-05-07 12:53:46, EXEC, v:1, k:fup@repetidos, mode:FREE
2026-05-07 12:52:44, MOVE, v:1, k:fup@repetidos, mode:EDIT
2026-05-07 12:54:27, MOVE, v:1, k:fup@repetidos, mode:EDIT
2026-05-07 12:57:15, EXEC, v:1, k:fup@repetidos, mode:FULL, rate:33, size:18
2026-05-07 12:57:04, MOVE, v:1, k:fup@repetidos, mode:EDIT
2026-05-07 12:57:15, MOVE, v:1, k:fup@repetidos, mode:EDIT
2026-05-07 12:57:57, EXEC, v:1, k:fup@repetidos, mode:FULL, rate:100, size:18
2026-05-07 12:58:41, MOVE, v:1, k:fup@repetidos, mode:BACK
2026-05-07 12:58:54, SELF, v:1, k:fup@repetidos, self:1, rate:100, study:15
2026-05-07 12:59:19, SELF, v:1, k:fup@repetidos, self:1, rate:100, study:15, debug:1
2026-05-07 12:59:27, SELF, v:1, k:fup@repetidos, self:1, rate:100, study:15, debug:1
2026-05-07 12:57:52, MOVE, v:1, k:fup@repetidos, mode:EDIT
2026-05-07 12:57:57, MOVE, v:1, k:fup@repetidos, mode:EDIT
