2026-06-30 10:58:47, MOVE, v:1, k:fup@mediana, mode:DOWN
2026-06-30 10:58:48, MOVE, v:1, k:fup@mediana, mode:PICK
2026-06-30 10:59:34, MOVE, v:1, k:fup@mediana, mode:PICK
2026-06-30 10:59:50, MOVE, v:1, k:fup@mediana, mode:PICK
2026-06-30 10:59:51, EXEC, v:1, k:fup@mediana, mode:FULL, rate:0, size:5
2026-06-30 11:03:55, EXEC, v:1, k:fup@mediana, mode:FULL, rate:0, size:19
2026-06-30 11:03:55, MOVE, v:1, k:fup@mediana, mode:EDIT
2026-06-30 11:04:38, MOVE, v:1, k:fup@mediana, mode:EDIT
2026-06-30 11:05:06, EXEC, v:1, k:fup@mediana, mode:FULL, rate:0, size:19
2026-06-30 11:05:46, MOVE, v:1, k:fup@mediana, mode:BACK
2026-06-30 11:05:02, MOVE, v:1, k:fup@mediana, mode:EDIT
2026-06-30 11:05:05, MOVE, v:1, k:fup@mediana, mode:EDIT
2026-06-30 11:14:39, MOVE, v:1, k:fup@policial, mode:PICK
2026-06-30 11:14:41, EXEC, v:1, k:fup@policial, mode:FULL, rate:0, size:61
2026-06-30 11:14:40, MOVE, v:1, k:fup@policial, mode:EDIT
2026-06-30 11:19:41, MOVE, v:1, k:fup@policial, mode:EDIT
2026-06-30 11:21:33, EXEC, v:1, k:fup@policial, mode:FULL, rate:0, size:30
2026-06-30 11:23:29, EXEC, v:1, k:fup@policial, mode:FULL, rate:0, size:32
2026-06-30 11:24:39, MOVE, v:1, k:fup@policial, mode:EDIT
2026-06-30 11:23:29, MOVE, v:1, k:fup@policial, mode:EDIT
2026-06-30 11:24:46, EXEC, v:1, k:fup@policial, mode:FULL, rate:0, size:34
2026-06-30 11:25:21, EXEC, v:1, k:fup@policial, mode:FULL, rate:0, size:34
2026-06-30 11:26:04, EXEC, v:1, k:fup@policial, mode:FULL, rate:0, size:37
2026-06-30 11:26:25, EXEC, v:1, k:fup@policial, mode:FULL, rate:0, size:37
2026-06-30 11:26:52, EXEC, v:1, k:fup@policial, mode:FULL, rate:0, size:37
2026-06-30 11:27:10, EXEC, v:1, k:fup@policial, mode:FULL, rate:100, size:37
2026-06-30 11:27:14, MOVE, v:1, k:fup@policial, mode:BACK
2026-06-30 11:27:42, SELF, v:1, k:fup@policial, self:1, rate:100, study:46, concept:1
2026-06-30 11:28:18, MOVE, v:1, k:fup@vacina, mode:PICK
2026-06-30 11:28:19, EXEC, v:1, k:fup@vacina, mode:FULL, rate:0
2026-06-30 11:28:02, MOVE, v:1, k:fup@policial, mode:EDIT
2026-06-30 11:27:10, MOVE, v:1, k:fup@policial, mode:EDIT
2026-06-30 11:28:19, MOVE, v:1, k:fup@vacina, mode:EDIT
2026-06-30 11:29:39, MOVE, v:1, k:fup@vacina, mode:EDIT
2026-06-30 11:34:43, MOVE, v:1, k:fup@vacina, mode:EDIT
2026-06-30 11:38:42, MOVE, v:1, k:fup@vacina, mode:BACK
2026-06-30 11:39:06, MOVE, v:1, k:fup@vacina, mode:PICK
2026-06-30 11:39:08, EXEC, v:1, k:fup@vacina, mode:FULL, rate:0, size:42
2026-06-30 11:39:23, EXEC, v:1, k:fup@vacina, mode:FULL, rate:0
2026-06-30 11:38:35, MOVE, v:1, k:fup@vacina, mode:EDIT
2026-06-30 11:39:22, MOVE, v:1, k:fup@vacina, mode:EDIT
2026-06-30 11:41:08, EXEC, v:1, k:fup@vacina, mode:FULL, rate:0, size:46
2026-06-30 11:41:44, EXEC, v:1, k:fup@vacina, mode:FULL, rate:0, size:46
2026-06-30 11:43:46, EXEC, v:1, k:fup@vacina, mode:FULL, rate:0, size:47
2026-06-30 11:44:02, EXEC, v:1, k:fup@vacina, mode:FULL, rate:0, size:41
2026-06-30 11:43:59, MOVE, v:1, k:fup@vacina, mode:EDIT
2026-06-30 11:44:01, MOVE, v:1, k:fup@vacina, mode:EDIT
2026-06-30 11:46:39, EXEC, v:1, k:fup@vacina, mode:FULL, rate:0, size:41
2026-06-30 11:49:18, EXEC, v:1, k:fup@vacina, mode:FULL, rate:0, size:41
2026-06-30 11:49:17, MOVE, v:1, k:fup@vacina, mode:EDIT
2026-06-30 11:49:18, MOVE, v:1, k:fup@vacina, mode:EDIT
2026-06-30 11:50:54, MOVE, v:1, k:fup@vacina, mode:BACK
2026-06-30 11:50:55, MOVE, v:1, k:fup@policial, mode:PICK
2026-06-30 11:50:56, EXEC, v:1, k:fup@policial, mode:FULL, rate:100, size:38
2026-06-30 11:51:34, MOVE, v:1, k:fup@policial, mode:BACK
2026-06-30 11:51:37, MOVE, v:1, k:fup@vacina, mode:PICK
2026-06-30 11:52:16, EXEC, v:1, k:fup@vacina, mode:FULL, rate:0, size:41
2026-06-30 11:54:03, EXEC, v:1, k:fup@vacina, mode:FULL, rate:0, size:47
2026-06-30 11:54:15, EXEC, v:1, k:fup@vacina, mode:FULL, rate:0, size:46
2026-06-30 11:54:34, EXEC, v:1, k:fup@vacina, mode:FULL, rate:100, size:46
2026-06-30 11:54:37, MOVE, v:1, k:fup@vacina, mode:BACK
2026-06-30 11:50:56, MOVE, v:1, k:fup@policial, mode:EDIT
2026-06-30 11:54:31, MOVE, v:1, k:fup@vacina, mode:EDIT
2026-06-30 11:54:34, MOVE, v:1, k:fup@vacina, mode:EDIT
2026-06-30 11:54:54, SELF, v:1, k:fup@vacina, self:1, rate:100, study:60
2026-06-30 11:58:49, MOVE, v:1, k:fup@mediana, mode:PICK
2026-06-30 11:58:50, EXEC, v:1, k:fup@mediana, mode:FULL, rate:0
2026-06-30 11:58:50, MOVE, v:1, k:fup@mediana, mode:EDIT
2026-06-30 11:59:43, MOVE, v:1, k:fup@mediana, mode:EDIT
2026-06-30 12:04:36, EXEC, v:1, k:fup@mediana, mode:FULL, rate:0, size:31
2026-06-30 12:04:30, MOVE, v:1, k:fup@mediana, mode:EDIT
2026-06-30 12:04:36, MOVE, v:1, k:fup@mediana, mode:EDIT
2026-06-30 12:09:43, MOVE, v:1, k:fup@mediana, mode:EDIT
2026-06-30 12:10:37, EXEC, v:1, k:fup@mediana, mode:FULL, rate:0, size:40
2026-06-30 12:13:47, EXEC, v:1, k:fup@mediana, mode:FULL, rate:0, size:41
2026-06-30 12:14:45, MOVE, v:1, k:fup@mediana, mode:EDIT
2026-06-30 12:13:47, MOVE, v:1, k:fup@mediana, mode:EDIT
2026-06-30 12:14:52, EXEC, v:1, k:fup@mediana, mode:FULL, rate:0, size:41
2026-06-30 12:15:07, EXEC, v:1, k:fup@mediana, mode:FULL, rate:100, size:39
2026-06-30 12:15:08, MOVE, v:1, k:fup@mediana, mode:BACK
2026-06-30 12:15:21, SELF, v:1, k:fup@mediana, self:1, rate:100, study:25
2026-06-30 12:16:09, MOVE, v:1, k:fup@indices, mode:DOWN
2026-06-30 12:16:10, MOVE, v:1, k:fup@indices, mode:PICK
2026-06-30 12:16:12, EXEC, v:1, k:fup@indices, mode:FULL, rate:0, size:5
2026-06-30 12:15:05, MOVE, v:1, k:fup@mediana, mode:EDIT
2026-06-30 12:15:07, MOVE, v:1, k:fup@mediana, mode:EDIT
2026-06-30 12:16:09, MOVE, v:1, k:fup@indices, mode:EDIT
2026-06-30 12:16:12, MOVE, v:1, k:fup@indices, mode:EDIT
2026-06-30 12:19:45, MOVE, v:1, k:fup@indices, mode:EDIT
2026-06-30 12:21:01, EXEC, v:1, k:fup@indices, mode:FULL, rate:0, size:18
2026-06-30 12:24:44, MOVE, v:1, k:fup@indices, mode:EDIT
2026-06-30 12:21:01, MOVE, v:1, k:fup@indices, mode:EDIT
2026-06-30 12:29:40, MOVE, v:1, k:fup@indices, mode:EDIT
2026-06-30 12:31:36, EXEC, v:1, k:fup@indices, mode:FULL, rate:0, size:33
2026-06-30 12:32:23, MOVE, v:1, k:fup@indices, mode:BACK
2026-06-30 12:32:28, MOVE, v:1, k:fup@trilhas, mode:DOWN
2026-06-30 12:32:28, MOVE, v:1, k:fup@trilhas, mode:PICK
2026-06-30 12:31:35, MOVE, v:1, k:fup@indices, mode:EDIT
2026-06-30 12:31:36, MOVE, v:1, k:fup@indices, mode:EDIT
2026-06-30 12:32:28, MOVE, v:1, k:fup@trilhas, mode:EDIT
2026-06-30 12:36:03, MOVE, v:1, k:fup@trilhas, mode:BACK
2026-06-30 12:37:30, MOVE, v:1, k:fup@amora, mode:PICK
2026-06-30 12:37:31, EXEC, v:1, k:fup@amora, mode:FULL, size:25, fail:COMP
2026-06-30 12:53:53, MOVE, v:1, k:fup@amora, mode:EDIT
2026-06-30 12:56:23, MOVE, v:1, k:fup@amora, mode:BACK
2026-06-30 14:29:10, MOVE, v:1, k:fup@amora, mode:PICK
2026-06-30 14:29:12, EXEC, v:1, k:fup@amora, mode:FULL, rate:0, size:37
2026-06-30 14:30:26, EXEC, v:1, k:fup@amora, mode:FULL, rate:0, size:39
2026-06-30 14:31:00, EXEC, v:1, k:fup@amora, mode:FULL, rate:0, size:39
2026-06-30 14:31:30, EXEC, v:1, k:fup@amora, mode:FULL, rate:0, size:39
2026-06-30 14:31:42, EXEC, v:1, k:fup@amora, mode:FULL, rate:0, size:38
2026-06-30 14:31:42, MOVE, v:1, k:fup@amora, mode:EDIT
2026-06-30 14:31:38, MOVE, v:1, k:fup@amora, mode:EDIT
2026-06-30 14:43:47, EXEC, v:1, k:fup@amora, mode:FULL, rate:0, size:40
2026-06-30 14:43:40, MOVE, v:1, k:fup@amora, mode:EDIT
2026-06-30 14:43:47, MOVE, v:1, k:fup@amora, mode:EDIT
2026-06-30 14:45:18, EXEC, v:1, k:fup@amora, mode:FULL, rate:0, size:42
2026-06-30 14:48:40, EXEC, v:1, k:fup@amora, mode:FULL, rate:0, size:42
2026-06-30 14:48:01, MOVE, v:1, k:fup@amora, mode:EDIT
2026-06-30 14:48:40, MOVE, v:1, k:fup@amora, mode:EDIT
2026-06-30 14:49:54, MOVE, v:1, k:fup@amora, mode:BACK
2026-06-30 14:51:02, SELF, v:1, k:fup@amora, self:1, study:60, concept:1, problem:1, code:1
2026-06-30 14:51:14, SELF, v:1, k:fup@amora, self:1, study:60, concept:1, problem:1, code:1
2026-06-30 14:52:01, SELF, v:1, k:fup@amora, self:1, concept:1, problem:1, code:1
2026-06-30 14:52:02, MOVE, v:1, k:fup@amora, mode:PICK
2026-06-30 14:52:04, EXEC, v:1, k:fup@amora, mode:FULL, rate:0
2026-06-30 14:52:26, EXEC, v:1, k:fup@amora, mode:FULL, rate:100, size:40
2026-06-30 14:52:28, MOVE, v:1, k:fup@amora, mode:BACK
2026-06-30 14:52:26, MOVE, v:1, k:fup@amora, mode:EDIT
2026-06-30 14:52:24, MOVE, v:1, k:fup@amora, mode:EDIT
2026-06-30 14:59:49, MOVE, v:1, k:fup@traficantes, mode:DOWN
2026-06-30 14:59:49, MOVE, v:1, k:fup@traficantes, mode:PICK
2026-06-30 14:59:50, EXEC, v:1, k:fup@traficantes, mode:FULL, rate:0, size:5
2026-06-30 14:59:49, MOVE, v:1, k:fup@traficantes, mode:EDIT
2026-06-30 14:59:49, MOVE, v:1, k:fup@traficantes, mode:EDIT
2026-06-30 14:59:50, MOVE, v:1, k:fup@traficantes, mode:EDIT
2026-06-30 15:05:32, MOVE, v:1, k:fup@traficantes, mode:BACK
2026-06-30 15:05:57, MOVE, v:1, k:fup@xuxa, mode:PICK
2026-06-30 15:05:57, EXEC, v:1, k:fup@xuxa, mode:FULL, rate:100
2026-06-30 15:05:57, MOVE, v:1, k:fup@xuxa, mode:EDIT
2026-06-30 15:06:57, MOVE, v:1, k:fup@xuxa, mode:BACK
2026-06-30 15:07:00, MOVE, v:1, k:fup@inverte, mode:PICK
2026-06-30 15:07:00, EXEC, v:1, k:fup@inverte, mode:FULL, rate:100
2026-06-30 15:07:05, EXEC, v:1, k:fup@inverte, mode:FULL, rate:100
2026-06-30 15:07:05, MOVE, v:1, k:fup@inverte, mode:EDIT
2026-06-30 15:11:35, MOVE, v:1, k:fup@inverte, mode:EDIT
2026-06-30 15:15:02, EXEC, v:1, k:fup@inverte, mode:FULL, rate:50, size:24
2026-06-30 15:16:11, EXEC, v:1, k:fup@inverte, mode:FULL, rate:50, size:24
2026-06-30 15:16:36, MOVE, v:1, k:fup@inverte, mode:EDIT
2026-06-30 15:16:10, MOVE, v:1, k:fup@inverte, mode:EDIT
2026-06-30 15:17:00, EXEC, v:1, k:fup@inverte, mode:FULL, rate:50, size:25
2026-06-30 15:18:15, EXEC, v:1, k:fup@inverte, mode:FULL, rate:0, size:25
2026-06-30 15:18:54, MOVE, v:1, k:fup@inverte, mode:PICK
2026-06-30 15:18:55, EXEC, v:1, k:fup@inverte, mode:FULL, rate:50, size:25
2026-06-30 15:20:15, EXEC, v:1, k:fup@inverte, mode:FULL, rate:50, size:25
2026-06-30 15:21:06, MOVE, v:1, k:fup@inverte, mode:BACK
2026-06-30 15:21:13, MOVE, v:1, k:fup@gritando, mode:PICK
2026-06-30 15:21:14, EXEC, v:1, k:fup@gritando, mode:FULL, rate:100
2026-06-30 15:21:14, EXEC, v:1, k:fup@gritando, mode:FULL, rate:100
2026-06-30 15:20:15, MOVE, v:1, k:fup@inverte, mode:EDIT
2026-06-30 15:23:45, MOVE, v:1, k:fup@inverte, mode:EDIT
2026-06-30 15:21:14, MOVE, v:1, k:fup@gritando, mode:EDIT
2026-06-30 15:28:47, MOVE, v:1, k:fup@inverte, mode:EDIT
2026-06-30 15:30:14, MOVE, v:1, k:fup@gritando, mode:BACK
2026-06-30 15:30:17, MOVE, v:1, k:fup@inverte, mode:PICK
2026-06-30 15:30:18, EXEC, v:1, k:fup@inverte, mode:FULL, rate:75, size:25
2026-06-30 15:30:52, EXEC, v:1, k:fup@inverte, mode:FULL, rate:100, size:24
2026-06-30 15:30:53, MOVE, v:1, k:fup@inverte, mode:BACK
2026-06-30 15:31:15, SELF, v:1, k:fup@inverte, self:1, rate:100, study:80
2026-06-30 15:33:10, MOVE, v:1, k:fup@fresco, mode:DOWN
2026-06-30 15:33:11, MOVE, v:1, k:fup@fresco, mode:PICK
2026-06-30 15:33:12, EXEC, v:1, k:fup@fresco, mode:FULL, rate:0, size:5
2026-06-30 15:30:49, MOVE, v:1, k:fup@inverte, mode:EDIT
2026-06-30 15:30:52, MOVE, v:1, k:fup@inverte, mode:EDIT
2026-06-30 15:33:10, MOVE, v:1, k:fup@fresco, mode:EDIT
2026-06-30 15:33:48, MOVE, v:1, k:fup@fresco, mode:EDIT
2026-06-30 15:33:12, MOVE, v:1, k:fup@fresco, mode:EDIT
2026-06-30 15:36:49, EXEC, v:1, k:fup@fresco, mode:FULL, rate:0, size:14
2026-06-30 15:38:50, MOVE, v:1, k:fup@fresco, mode:EDIT
2026-06-30 15:36:49, MOVE, v:1, k:fup@fresco, mode:EDIT
2026-06-30 15:39:34, MOVE, v:1, k:fup@fresco, mode:BACK
2026-06-30 15:39:39, MOVE, v:1, k:fup@substring, mode:PICK
2026-06-30 15:39:40, EXEC, v:1, k:fup@substring, mode:FULL, rate:100
2026-06-30 15:42:27, MOVE, v:1, k:fup@substring, mode:BACK
2026-06-30 15:42:34, MOVE, v:1, k:fup@fresco, mode:PICK
2026-06-30 15:42:35, EXEC, v:1, k:fup@fresco, mode:FULL, size:24, fail:COMP
2026-06-30 15:43:15, MOVE, v:1, k:fup@fresco, mode:EDIT
2026-06-30 15:39:39, MOVE, v:1, k:fup@substring, mode:EDIT
2026-06-30 15:48:26, MOVE, v:1, k:fup@fresco, mode:EDIT
2026-06-30 15:53:52, MOVE, v:1, k:fup@fresco, mode:EDIT
2026-06-30 15:55:00, EXEC, v:1, k:fup@fresco, mode:FULL, rate:0, size:30
2026-06-30 15:55:12, EXEC, v:1, k:fup@fresco, mode:FULL, rate:0, size:30
2026-06-30 15:56:25, EXEC, v:1, k:fup@fresco, mode:FULL, rate:0, size:29
2026-06-30 15:56:59, EXEC, v:1, k:fup@fresco, mode:FULL, rate:0, size:29
2026-06-30 15:56:57, MOVE, v:1, k:fup@fresco, mode:EDIT
2026-06-30 15:56:59, MOVE, v:1, k:fup@fresco, mode:EDIT
2026-06-30 16:03:49, MOVE, v:1, k:fup@fresco, mode:EDIT
2026-06-30 16:08:33, MOVE, v:1, k:fup@fresco, mode:EDIT
2026-06-30 16:13:25, EXEC, v:1, k:fup@fresco, mode:FULL, rate:0, size:30
2026-06-30 16:13:23, MOVE, v:1, k:fup@fresco, mode:EDIT
2026-06-30 16:13:25, MOVE, v:1, k:fup@fresco, mode:EDIT
2026-06-30 16:15:26, EXEC, v:1, k:fup@fresco, mode:FULL, rate:0, size:30
2026-06-30 16:16:14, EXEC, v:1, k:fup@fresco, mode:FULL, rate:0, size:30
2026-06-30 16:17:19, EXEC, v:1, k:fup@fresco, mode:FULL, rate:0
2026-06-30 16:16:06, MOVE, v:1, k:fup@fresco, mode:EDIT
2026-06-30 16:17:19, MOVE, v:1, k:fup@fresco, mode:EDIT
2026-06-30 16:19:03, MOVE, v:1, k:fup@fresco, mode:BACK
2026-06-30 16:19:10, MOVE, v:1, k:fup@gamados, mode:DOWN
2026-06-30 16:19:11, MOVE, v:1, k:fup@gamados, mode:PICK
2026-06-30 16:19:11, EXEC, v:1, k:fup@gamados, mode:FULL, rate:0, size:5
2026-06-30 16:22:41, MOVE, v:1, k:fup@gamados, mode:BACK
2026-06-30 16:22:47, MOVE, v:1, k:fup@mario, mode:DOWN
2026-06-30 16:22:47, MOVE, v:1, k:fup@mario, mode:PICK
2026-06-30 16:22:58, MOVE, v:1, k:fup@gamados, mode:PICK
2026-06-30 16:22:59, EXEC, v:1, k:fup@gamados, mode:FULL, rate:0
2026-06-30 16:23:01, MOVE, v:1, k:fup@gamados, mode:BACK
2026-06-30 16:23:03, MOVE, v:1, k:fup@mario, mode:PICK
2026-06-30 16:23:04, EXEC, v:1, k:fup@mario, mode:FULL, rate:0, size:5
2026-06-30 16:24:40, MOVE, v:1, k:fup@mario, mode:BACK
2026-06-30 16:24:54, MOVE, v:1, k:fup@vcvcvc, mode:DOWN
2026-06-30 16:24:55, MOVE, v:1, k:fup@vcvcvc, mode:PICK
2026-06-30 16:24:56, EXEC, v:1, k:fup@vcvcvc, mode:FULL, rate:0, size:5
2026-06-30 16:26:51, EXEC, v:1, k:fup@vcvcvc, mode:FULL, rate:0, size:14
2026-06-30 16:22:59, MOVE, v:1, k:fup@gamados, mode:EDIT
2026-06-30 16:23:04, MOVE, v:1, k:fup@mario, mode:EDIT
2026-06-30 16:24:54, MOVE, v:1, k:fup@vcvcvc, mode:EDIT
2026-06-30 16:26:51, MOVE, v:1, k:fup@vcvcvc, mode:EDIT
2026-06-30 16:27:57, MOVE, v:1, k:fup@vcvcvc, mode:EDIT
2026-06-30 16:32:58, MOVE, v:1, k:fup@vcvcvc, mode:EDIT
2026-06-30 16:33:57, EXEC, v:1, k:fup@vcvcvc, mode:FULL, size:35, fail:COMP
2026-06-30 16:34:11, EXEC, v:1, k:fup@vcvcvc, mode:FULL, rate:0, size:34
2026-06-30 16:34:20, EXEC, v:1, k:fup@vcvcvc, mode:FULL, rate:33, size:33
2026-06-30 16:35:13, EXEC, v:1, k:fup@vcvcvc, mode:FULL, rate:100, size:33
2026-06-30 16:35:16, MOVE, v:1, k:fup@vcvcvc, mode:BACK
2026-06-30 16:35:26, SELF, v:1, k:fup@vcvcvc, self:1, rate:100, study:12
2026-06-30 16:36:26, MOVE, v:1, k:fup@valentina, mode:DOWN
2026-06-30 16:36:26, MOVE, v:1, k:fup@valentina, mode:PICK
2026-06-30 16:36:27, EXEC, v:1, k:fup@valentina, mode:FULL, rate:0, size:5
2026-06-30 16:35:11, MOVE, v:1, k:fup@vcvcvc, mode:EDIT
2026-06-30 16:35:13, MOVE, v:1, k:fup@vcvcvc, mode:EDIT
2026-06-30 16:36:26, MOVE, v:1, k:fup@valentina, mode:EDIT
2026-06-30 16:36:26, MOVE, v:1, k:fup@valentina, mode:EDIT
2026-06-30 16:36:27, MOVE, v:1, k:fup@valentina, mode:EDIT
2026-06-30 16:41:15, EXEC, v:1, k:fup@valentina, mode:FULL, rate:0, size:9
2026-06-30 16:41:47, EXEC, v:1, k:fup@valentina, mode:FULL, rate:0, size:9
2026-06-30 16:42:58, MOVE, v:1, k:fup@valentina, mode:EDIT
2026-06-30 16:41:47, MOVE, v:1, k:fup@valentina, mode:EDIT
2026-06-30 16:47:37, MOVE, v:1, k:fup@valentina, mode:EDIT
2026-06-30 16:50:33, EXEC, v:1, k:fup@valentina, mode:FULL, rate:0, size:30
2026-06-30 16:52:31, MOVE, v:1, k:fup@valentina, mode:EDIT
2026-06-30 16:50:33, MOVE, v:1, k:fup@valentina, mode:EDIT
2026-06-30 16:56:40, EXEC, v:1, k:fup@valentina, mode:FULL, rate:0, size:51
2026-06-30 16:58:01, MOVE, v:1, k:fup@valentina, mode:EDIT
2026-06-30 16:56:40, MOVE, v:1, k:fup@valentina, mode:EDIT
2026-06-30 17:00:47, EXEC, v:1, k:fup@valentina, mode:FULL, rate:0, size:53
2026-06-30 17:02:30, EXEC, v:1, k:fup@valentina, mode:FULL, rate:0, size:58
2026-06-30 17:02:28, MOVE, v:1, k:fup@valentina, mode:EDIT
2026-06-30 17:02:30, MOVE, v:1, k:fup@valentina, mode:EDIT
2026-06-30 17:06:56, EXEC, v:1, k:fup@valentina, mode:FULL, rate:0, size:64
2026-06-30 17:08:01, MOVE, v:1, k:fup@valentina, mode:EDIT
2026-06-30 17:06:56, MOVE, v:1, k:fup@valentina, mode:EDIT
2026-06-30 17:08:30, EXEC, v:1, k:fup@valentina, mode:FULL, rate:66, size:66
2026-06-30 17:09:43, EXEC, v:1, k:fup@valentina, mode:FULL, rate:66, size:62
2026-06-30 17:11:12, EXEC, v:1, k:fup@valentina, mode:FULL, rate:83, size:62
2026-06-30 17:12:50, MOVE, v:1, k:fup@valentina, mode:EDIT
2026-06-30 17:11:12, MOVE, v:1, k:fup@valentina, mode:EDIT
2026-06-30 17:17:51, MOVE, v:1, k:fup@valentina, mode:EDIT
2026-06-30 17:19:33, EXEC, v:1, k:fup@valentina, mode:FULL, size:77, fail:COMP
2026-06-30 17:19:46, EXEC, v:1, k:fup@valentina, mode:FULL, rate:100, size:76
2026-06-30 17:19:48, MOVE, v:1, k:fup@valentina, mode:BACK
2026-06-30 17:19:59, SELF, v:1, k:fup@valentina, self:1, rate:100, study:50
