2026-04-14 16:43:04, MOVE, v:1, k:sandbox@user_001, mode:PICK
2026-04-14 16:43:07, EXEC, v:1, k:sandbox@user_001, mode:LOCK, rate:0, size:5
2026-04-14 16:43:07, EXEC, v:1, k:sandbox@user_001, mode:LOCK, rate:0, size:5
2026-04-14 16:46:59, EXEC, v:1, k:sandbox@user_001, mode:LOCK, rate:0, size:6
2026-04-14 16:46:59, MOVE, v:1, k:sandbox@user_001, mode:EDIT
2026-04-14 16:43:13, MOVE, v:1, k:sandbox@user_001, mode:EDIT
2026-04-14 16:46:56, MOVE, v:1, k:sandbox@user_001, mode:EDIT
2026-04-14 16:49:35, EXEC, v:1, k:sandbox@user_001, mode:FULL, size:8, fail:COMP
2026-04-14 16:49:45, EXEC, v:1, k:sandbox@user_001, mode:LOCK, rate:0, size:8
2026-04-14 16:51:07, EXEC, v:1, k:sandbox@user_001, mode:LOCK, rate:0, size:8
2026-04-14 16:51:04, MOVE, v:1, k:sandbox@user_001, mode:EDIT
2026-04-14 16:51:07, MOVE, v:1, k:sandbox@user_001, mode:EDIT
2026-04-14 16:56:43, EXEC, v:1, k:sandbox@user_001, mode:LOCK, rate:0, size:8
2026-04-14 16:56:42, MOVE, v:1, k:sandbox@user_001, mode:EDIT
2026-04-14 16:56:43, MOVE, v:1, k:sandbox@user_001, mode:EDIT
2026-04-14 16:59:53, EXEC, v:1, k:sandbox@user_001, mode:LOCK, rate:0, size:6
2026-04-14 17:01:43, EXEC, v:1, k:sandbox@user_001, mode:LOCK, rate:0, size:8
2026-04-14 17:01:50, EXEC, v:1, k:sandbox@user_001, mode:FREE
2026-04-14 17:01:25, MOVE, v:1, k:sandbox@user_001, mode:EDIT
2026-04-14 17:01:59, MOVE, v:1, k:sandbox@user_001, mode:EDIT
2026-04-14 17:02:39, MOVE, v:1, k:sandbox@user_001, mode:EDIT
2026-04-14 17:06:29, MOVE, v:1, k:sandbox@user_001, mode:EDIT
2026-04-14 17:11:52, MOVE, v:1, k:sandbox@user_001, mode:EDIT
2026-04-14 17:14:07, EXEC, v:1, k:sandbox@user_001, mode:LOCK, rate:0, size:14
2026-04-14 17:15:12, EXEC, v:1, k:sandbox@user_001, mode:LOCK, rate:0, size:14
2026-04-14 17:15:46, EXEC, v:1, k:sandbox@user_001, mode:LOCK, rate:0, size:10
2026-04-14 17:16:00, EXEC, v:1, k:sandbox@user_001, mode:LOCK, rate:0, size:10
2026-04-14 17:16:25, EXEC, v:1, k:sandbox@user_001, mode:LOCK, rate:0, size:10
2026-04-14 17:17:03, MOVE, v:1, k:sandbox@user_001, mode:EDIT
2026-04-14 17:16:25, MOVE, v:1, k:sandbox@user_001, mode:EDIT
2026-04-14 17:17:17, EXEC, v:1, k:sandbox@user_001, mode:LOCK, rate:0, size:10
2026-04-14 17:17:49, EXEC, v:1, k:sandbox@user_001, mode:LOCK, rate:0, size:10
2026-04-14 17:17:55, EXEC, v:1, k:sandbox@user_001, mode:LOCK, rate:0, size:10
2026-04-14 17:18:36, EXEC, v:1, k:sandbox@user_001, mode:LOCK, rate:0, size:10
2026-04-14 17:19:14, EXEC, v:1, k:sandbox@user_001, mode:LOCK, rate:0, size:10
2026-04-14 17:20:04, EXEC, v:1, k:sandbox@user_001, mode:LOCK, rate:0, size:10
2026-04-14 17:20:17, EXEC, v:1, k:sandbox@user_001, mode:LOCK, rate:0, size:10
2026-04-14 17:20:29, EXEC, v:1, k:sandbox@user_001, mode:LOCK, rate:0, size:10
2026-04-14 17:21:59, EXEC, v:1, k:sandbox@user_001, mode:LOCK, rate:0, size:13
2026-04-14 17:21:58, MOVE, v:1, k:sandbox@user_001, mode:EDIT
2026-04-14 17:21:59, MOVE, v:1, k:sandbox@user_001, mode:EDIT
2026-04-14 17:25:39, MOVE, v:1, k:sandbox@user_001, mode:EDIT
2026-04-14 17:29:59, MOVE, v:1, k:sandbox@user_001, mode:BACK
2026-04-14 17:30:15, MOVE, v:1, k:fup@vet_i, mode:DOWN
2026-04-14 17:30:16, MOVE, v:1, k:fup@vet_i, mode:PICK
2026-04-14 17:30:17, EXEC, v:1, k:fup@vet_i, mode:FULL, rate:0, size:5
2026-04-14 17:31:16, MOVE, v:1, k:fup@vet_i, mode:BACK
2026-04-14 17:31:21, MOVE, v:1, k:sandbox@user_001, mode:PICK
2026-04-14 17:31:21, EXEC, v:1, k:sandbox@user_001, mode:FULL, size:5, fail:COMP
2026-04-14 17:31:22, EXEC, v:1, k:sandbox@user_001, mode:FULL, fail:COMP
2026-04-14 17:30:15, MOVE, v:1, k:fup@vet_i, mode:EDIT
2026-04-14 17:30:15, MOVE, v:1, k:fup@vet_i, mode:EDIT
2026-04-14 17:30:17, MOVE, v:1, k:fup@vet_i, mode:EDIT
2026-04-14 17:30:23, MOVE, v:1, k:fup@vet_i, mode:EDIT
2026-04-14 17:31:27, MOVE, v:1, k:sandbox@user_001, mode:EDIT
2026-04-14 17:32:04, MOVE, v:1, k:sandbox@user_001, mode:EDIT
2026-04-14 17:33:19, MOVE, v:1, k:sandbox@user_001, mode:BACK
2026-04-14 17:33:28, MOVE, v:1, k:fup@vet_i, mode:PICK
2026-04-14 17:33:29, EXEC, v:1, k:fup@vet_i, mode:FULL, rate:0
2026-04-14 17:33:36, EXEC, v:1, k:fup@vet_i, mode:FULL, rate:0
2026-04-14 17:32:38, MOVE, v:1, k:sandbox@user_001, mode:EDIT
2026-04-14 17:33:35, MOVE, v:1, k:fup@vet_i, mode:EDIT
2026-04-14 17:33:34, MOVE, v:1, k:fup@vet_i, mode:EDIT
2026-04-14 17:36:58, MOVE, v:1, k:fup@vet_i, mode:EDIT
2026-04-14 17:40:50, EXEC, v:1, k:fup@vet_i, mode:FULL, size:11, fail:COMP
2026-04-14 17:41:48, MOVE, v:1, k:fup@vet_i, mode:EDIT
2026-04-14 17:46:38, MOVE, v:1, k:fup@vet_i, mode:EDIT
2026-04-14 17:53:51, EXEC, v:1, k:fup@vet_i, mode:FULL, size:16, fail:COMP
2026-04-14 17:57:00, MOVE, v:1, k:fup@vet_i, mode:EDIT
2026-04-14 18:01:11, MOVE, v:1, k:fup@vet_i, mode:EDIT
2026-04-14 18:03:09, EXEC, v:1, k:fup@vet_i, mode:FULL, rate:0, size:16
2026-04-14 18:03:07, MOVE, v:1, k:fup@vet_i, mode:EDIT
2026-04-14 18:03:09, MOVE, v:1, k:fup@vet_i, mode:EDIT
2026-04-14 18:08:11, EXEC, v:1, k:fup@vet_i, mode:FULL, rate:0
2026-04-14 18:11:59, EXEC, v:1, k:fup@vet_i, mode:FULL, rate:0, size:18
2026-04-14 18:11:59, MOVE, v:1, k:fup@vet_i, mode:EDIT
2026-04-14 18:11:54, MOVE, v:1, k:fup@vet_i, mode:EDIT
2026-04-14 18:12:13, EXEC, v:1, k:fup@vet_i, mode:FULL, rate:0
2026-04-14 18:13:40, EXEC, v:1, k:fup@vet_i, mode:FULL, rate:75, size:18
2026-04-14 18:15:45, EXEC, v:1, k:fup@vet_i, mode:FULL, rate:100, size:20
2026-04-14 18:15:45, MOVE, v:1, k:fup@vet_i, mode:EDIT
2026-04-14 18:17:02, MOVE, v:1, k:fup@vet_i, mode:EDIT
2026-04-14 18:17:32, EXEC, v:1, k:fup@vet_i, mode:FULL, size:20, fail:COMP
2026-04-14 18:17:41, EXEC, v:1, k:fup@vet_i, mode:FULL, rate:100, size:20
2026-04-14 18:19:41, MOVE, v:1, k:fup@vet_i, mode:BACK
2026-04-14 18:17:39, MOVE, v:1, k:fup@vet_i, mode:EDIT
2026-04-14 18:17:41, MOVE, v:1, k:fup@vet_i, mode:EDIT
