2026-06-08 18:53:53, MOVE, v:1, k:fup@baruel, mode:PICK
2026-06-08 18:53:55, EXEC, v:1, k:fup@baruel, mode:FULL, fail:COMP
2026-06-08 18:57:15, MOVE, v:1, k:fup@baruel, mode:EDIT
2026-06-08 18:59:00, EXEC, v:1, k:fup@baruel, mode:FULL, rate:0, size:37
2026-06-08 19:01:00, EXEC, v:1, k:fup@baruel, mode:FULL, rate:0, size:37
2026-06-08 19:00:58, MOVE, v:1, k:fup@baruel, mode:EDIT
2026-06-08 19:01:00, MOVE, v:1, k:fup@baruel, mode:EDIT
2026-06-08 19:03:12, EXEC, v:1, k:fup@baruel, mode:FULL, rate:0, size:37
2026-06-08 19:03:13, EXEC, v:1, k:fup@baruel, mode:FULL, rate:0
2026-06-08 19:03:13, EXEC, v:1, k:fup@baruel, mode:FULL, rate:0
2026-06-08 19:06:08, EXEC, v:1, k:fup@baruel, mode:FULL, rate:0, size:40
2026-06-08 19:06:11, EXEC, v:1, k:fup@baruel, mode:FULL, rate:0
2026-06-08 19:06:06, MOVE, v:1, k:fup@baruel, mode:EDIT
2026-06-08 19:06:11, MOVE, v:1, k:fup@baruel, mode:EDIT
2026-06-08 19:11:25, EXEC, v:1, k:fup@baruel, mode:FULL, rate:0, size:40
2026-06-08 19:11:20, MOVE, v:1, k:fup@baruel, mode:EDIT
2026-06-08 19:11:25, MOVE, v:1, k:fup@baruel, mode:EDIT
2026-06-08 19:14:20, EXEC, v:1, k:fup@baruel, mode:FULL, rate:0, size:40
2026-06-08 19:16:23, EXEC, v:1, k:fup@baruel, mode:FULL, rate:0, size:40
2026-06-08 19:16:21, MOVE, v:1, k:fup@baruel, mode:EDIT
2026-06-08 19:16:23, MOVE, v:1, k:fup@baruel, mode:EDIT
2026-06-08 19:18:56, MOVE, v:1, k:fup@baruel, mode:EDIT
