2026-06-03 11:02:50, MOVE, v:1, k:fup@baruel, mode:PICK
2026-06-03 11:02:52, EXEC, v:1, k:fup@baruel, mode:FULL, rate:0
2026-06-03 11:02:53, EXEC, v:1, k:fup@baruel, mode:FULL, rate:0
2026-06-03 11:02:53, EXEC, v:1, k:fup@baruel, mode:FULL, rate:0
2026-06-03 11:02:53, MOVE, v:1, k:fup@baruel, mode:EDIT
2026-06-03 11:07:00, MOVE, v:1, k:fup@baruel, mode:BACK
2026-06-03 11:07:09, MOVE, v:1, k:fup@vet_iii, mode:PICK
2026-06-03 11:07:10, EXEC, v:1, k:fup@vet_iii, mode:FULL, rate:100
2026-06-03 11:08:42, MOVE, v:1, k:fup@vet_iii, mode:BACK
2026-06-03 11:08:45, MOVE, v:1, k:fup@apertada, mode:PICK
2026-06-03 11:08:46, EXEC, v:1, k:fup@apertada, mode:FULL, rate:100
2026-06-03 11:10:25, MOVE, v:1, k:fup@apertada, mode:BACK
2026-06-03 11:10:29, MOVE, v:1, k:fup@baruel, mode:PICK
2026-06-03 11:10:30, EXEC, v:1, k:fup@baruel, mode:FULL, size:11, fail:COMP
2026-06-03 11:10:35, MOVE, v:1, k:fup@baruel, mode:BACK
2026-06-03 11:10:36, MOVE, v:1, k:fup@baruel, mode:PICK
2026-06-03 11:07:10, MOVE, v:1, k:fup@vet_iii, mode:EDIT
2026-06-03 11:08:46, MOVE, v:1, k:fup@apertada, mode:EDIT
2026-06-03 11:09:59, MOVE, v:1, k:fup@baruel, mode:EDIT
2026-06-03 11:14:26, MOVE, v:1, k:fup@baruel, mode:EDIT
2026-06-03 11:20:32, MOVE, v:1, k:fup@baruel, mode:EDIT
2026-06-03 11:22:45, EXEC, v:1, k:fup@baruel, mode:FULL, rate:0, size:19
2026-06-03 11:25:37, MOVE, v:1, k:fup@baruel, mode:EDIT
2026-06-03 11:22:45, MOVE, v:1, k:fup@baruel, mode:EDIT
2026-06-03 11:25:57, MOVE, v:1, k:fup@baruel, mode:BACK
2026-06-03 11:26:00, MOVE, v:1, k:fup@batraquios, mode:PICK
2026-06-03 11:26:00, EXEC, v:1, k:fup@batraquios, mode:FULL, rate:100
2026-06-03 11:25:41, MOVE, v:1, k:fup@baruel, mode:EDIT
2026-06-03 11:26:00, MOVE, v:1, k:fup@batraquios, mode:EDIT
2026-06-03 11:30:57, MOVE, v:1, k:fup@batraquios, mode:BACK
2026-06-03 11:30:59, MOVE, v:1, k:fup@baruel, mode:PICK
2026-06-03 11:31:00, EXEC, v:1, k:fup@baruel, mode:FULL, size:25, fail:COMP
2026-06-03 11:31:02, MOVE, v:1, k:fup@baruel, mode:BACK
2026-06-03 11:31:03, MOVE, v:1, k:fup@baruel, mode:PICK
2026-06-03 11:35:13, MOVE, v:1, k:fup@baruel, mode:EDIT
2026-06-03 11:48:10, MOVE, v:1, k:fup@baruel, mode:EDIT
2026-06-03 11:55:32, MOVE, v:1, k:fup@baruel, mode:EDIT
2026-06-03 12:00:37, MOVE, v:1, k:fup@baruel, mode:EDIT
2026-06-03 12:00:49, EXEC, v:1, k:fup@baruel, mode:FULL, rate:0, size:34
2026-06-03 12:00:47, MOVE, v:1, k:fup@baruel, mode:EDIT
2026-06-03 12:00:49, MOVE, v:1, k:fup@baruel, mode:EDIT
2026-06-03 12:15:38, MOVE, v:1, k:fup@baruel, mode:EDIT
2026-06-03 12:15:46, EXEC, v:1, k:fup@baruel, mode:FULL, rate:0, size:33
2026-06-03 12:19:02, EXEC, v:1, k:fup@baruel, mode:FULL, rate:0, size:33
2026-06-03 12:19:04, EXEC, v:1, k:fup@baruel, mode:FULL, rate:0
2026-06-03 12:19:05, EXEC, v:1, k:fup@baruel, mode:FULL, rate:0
2026-06-03 12:19:05, EXEC, v:1, k:fup@baruel, mode:FULL, rate:0
2026-06-03 12:19:05, EXEC, v:1, k:fup@baruel, mode:FULL, rate:0
2026-06-03 12:19:05, MOVE, v:1, k:fup@baruel, mode:EDIT
2026-06-03 12:18:47, MOVE, v:1, k:fup@baruel, mode:EDIT
2026-06-03 12:25:06, EXEC, v:1, k:fup@baruel, mode:FULL, rate:0, size:32
2026-06-03 12:25:05, MOVE, v:1, k:fup@baruel, mode:EDIT
2026-06-03 12:25:06, MOVE, v:1, k:fup@baruel, mode:EDIT
2026-06-03 12:42:43, MOVE, v:1, k:fup@baruel, mode:BACK
2026-06-03 17:27:15, MOVE, v:1, k:fup@baruel, mode:PICK
2026-06-03 17:27:23, EXEC, v:1, k:fup@baruel, mode:FULL, rate:0
2026-06-03 17:27:24, EXEC, v:1, k:fup@baruel, mode:FULL, rate:0
2026-06-03 17:27:24, EXEC, v:1, k:fup@baruel, mode:FULL, rate:0
2026-06-03 17:27:55, MOVE, v:1, k:fup@baruel, mode:BACK
2026-06-03 17:28:01, MOVE, v:1, k:fup@baruel, mode:PICK
2026-06-03 17:28:01, EXEC, v:1, k:fup@baruel, mode:FULL, size:34, fail:COMP
2026-06-03 17:29:24, EXEC, v:1, k:fup@baruel, mode:FULL, size:36, fail:COMP
2026-06-03 17:29:25, MOVE, v:1, k:fup@baruel, mode:BACK
2026-06-03 17:29:27, MOVE, v:1, k:fup@baruel, mode:PICK
2026-06-03 17:27:24, MOVE, v:1, k:fup@baruel, mode:EDIT
2026-06-03 17:29:13, MOVE, v:1, k:fup@baruel, mode:EDIT
2026-06-03 17:53:54, MOVE, v:1, k:fup@baruel, mode:BACK
2026-06-03 17:54:03, MOVE, v:1, k:fup@apertada, mode:PICK
2026-06-03 17:54:04, EXEC, v:1, k:fup@apertada, mode:FULL, rate:100
2026-06-03 17:54:04, MOVE, v:1, k:fup@apertada, mode:EDIT
