2026-06-16 11:15:04, MOVE, v:1, k:fup@salario, mode:PICK
2026-06-16 11:15:07, EXEC, v:1, k:fup@salario, mode:FULL, rate:50
2026-06-16 11:15:12, EXEC, v:1, k:fup@salario, mode:FULL, rate:50
2026-06-16 11:15:12, MOVE, v:1, k:fup@salario, mode:EDIT
2026-06-16 11:18:14, MOVE, v:1, k:fup@salario, mode:EDIT
2026-06-16 11:22:23, EXEC, v:1, k:fup@salario, mode:FULL, rate:62, size:13
2026-06-16 11:23:46, MOVE, v:1, k:fup@salario, mode:EDIT
2026-06-16 11:22:23, MOVE, v:1, k:fup@salario, mode:EDIT
2026-06-16 11:25:21, EXEC, v:1, k:fup@salario, mode:FULL, rate:75, size:16
2026-06-16 11:28:35, EXEC, v:1, k:fup@salario, mode:FULL, rate:100, size:21
2026-06-16 11:28:38, MOVE, v:1, k:fup@salario, mode:BACK
2026-06-16 11:28:33, MOVE, v:1, k:fup@salario, mode:EDIT
2026-06-16 11:28:35, MOVE, v:1, k:fup@salario, mode:EDIT
2026-06-16 11:29:01, SELF, v:1, k:fup@salario, self:1, rate:100, study:25
2026-06-16 11:29:18, MOVE, v:1, k:fup@maior, mode:PICK
2026-06-16 11:29:19, EXEC, v:1, k:fup@maior, mode:FULL, size:8, fail:COMP
2026-06-16 11:33:45, MOVE, v:1, k:fup@maior, mode:EDIT
2026-06-16 11:35:29, EXEC, v:1, k:fup@maior, mode:FULL, rate:20, size:12
2026-06-16 11:36:55, EXEC, v:1, k:fup@maior, mode:FULL, rate:40, size:12
2026-06-16 11:38:19, EXEC, v:1, k:fup@maior, mode:FULL, rate:100, size:14
2026-06-16 11:38:21, MOVE, v:1, k:fup@maior, mode:BACK
2026-06-16 11:38:37, SELF, v:1, k:fup@maior, self:1, rate:100, study:16
2026-06-16 11:38:17, MOVE, v:1, k:fup@maior, mode:EDIT
2026-06-16 11:38:19, MOVE, v:1, k:fup@maior, mode:EDIT
2026-06-16 11:40:46, MOVE, v:1, k:fup@morangos, mode:DOWN
2026-06-16 11:40:47, MOVE, v:1, k:fup@morangos, mode:PICK
2026-06-16 11:40:49, EXEC, v:1, k:fup@morangos, mode:FULL, rate:0, size:5
2026-06-16 11:40:46, MOVE, v:1, k:fup@morangos, mode:EDIT
2026-06-16 11:40:46, MOVE, v:1, k:fup@morangos, mode:EDIT
2026-06-16 11:40:46, MOVE, v:1, k:fup@morangos, mode:EDIT
2026-06-16 11:40:46, MOVE, v:1, k:fup@morangos, mode:EDIT
2026-06-16 11:40:49, MOVE, v:1, k:fup@morangos, mode:EDIT
2026-06-16 11:48:46, MOVE, v:1, k:fup@morangos, mode:EDIT
2026-06-16 11:51:28, EXEC, v:1, k:fup@morangos, mode:FULL, rate:100, size:17
2026-06-16 11:51:32, MOVE, v:1, k:fup@morangos, mode:BACK
2026-06-16 11:51:43, SELF, v:1, k:fup@morangos, self:1, rate:100, study:10
2026-06-16 11:52:45, MOVE, v:1, k:fup@lotado, mode:PICK
2026-06-16 11:52:46, EXEC, v:1, k:fup@lotado, mode:FULL, rate:0
2026-06-16 11:51:25, MOVE, v:1, k:fup@morangos, mode:EDIT
2026-06-16 11:51:28, MOVE, v:1, k:fup@morangos, mode:EDIT
2026-06-16 11:52:46, MOVE, v:1, k:fup@lotado, mode:EDIT
2026-06-16 11:55:20, MOVE, v:1, k:fup@lotado, mode:EDIT
2026-06-16 12:03:48, MOVE, v:1, k:fup@lotado, mode:EDIT
2026-06-16 12:08:46, MOVE, v:1, k:fup@lotado, mode:EDIT
2026-06-16 12:13:50, MOVE, v:1, k:fup@lotado, mode:EDIT
2026-06-16 12:15:29, EXEC, v:1, k:fup@lotado, mode:FULL, rate:0, size:26
2026-06-16 12:15:50, EXEC, v:1, k:fup@lotado, mode:FULL, rate:0, size:26
2026-06-16 12:16:43, EXEC, v:1, k:fup@lotado, mode:FULL, rate:100, size:26
2026-06-16 12:16:59, EXEC, v:1, k:fup@lotado, mode:FULL, rate:100, size:25
2026-06-16 12:17:35, MOVE, v:1, k:fup@lotado, mode:BACK
2026-06-16 12:17:48, MOVE, v:1, k:fup@fuga, mode:PICK
2026-06-16 12:17:49, EXEC, v:1, k:fup@fuga, mode:FULL, rate:100
2026-06-16 12:18:26, MOVE, v:1, k:fup@fuga, mode:BACK
2026-06-16 12:20:28, SELF, v:1, k:fup@lotado, self:1, rate:100, study:90, concept:1, problem:1, debug:1
2026-06-16 12:21:21, MOVE, v:1, k:fup@spok, mode:DOWN
2026-06-16 12:21:25, MOVE, v:1, k:fup@spok, mode:PICK
2026-06-16 12:21:26, EXEC, v:1, k:fup@spok, mode:FULL, rate:0, size:5
2026-06-16 12:21:21, MOVE, v:1, k:fup@spok, mode:EDIT
2026-06-16 12:21:21, MOVE, v:1, k:fup@spok, mode:EDIT
2026-06-16 12:21:21, MOVE, v:1, k:fup@spok, mode:EDIT
2026-06-16 12:21:21, MOVE, v:1, k:fup@spok, mode:EDIT
2026-06-16 12:21:26, MOVE, v:1, k:fup@spok, mode:EDIT
2026-06-16 12:26:22, MOVE, v:1, k:fup@spok, mode:BACK
2026-06-16 12:26:45, MOVE, v:1, k:fup@baruel, mode:PICK
2026-06-16 12:26:46, EXEC, v:1, k:fup@baruel, mode:FULL, rate:0
2026-06-16 12:26:46, MOVE, v:1, k:fup@baruel, mode:EDIT
2026-06-16 12:28:38, MOVE, v:1, k:fup@baruel, mode:EDIT
2026-06-16 12:33:43, MOVE, v:1, k:fup@baruel, mode:EDIT
2026-06-16 12:38:43, MOVE, v:1, k:fup@baruel, mode:EDIT
2026-06-16 12:43:40, MOVE, v:1, k:fup@baruel, mode:EDIT
2026-06-16 12:48:39, MOVE, v:1, k:fup@baruel, mode:EDIT
2026-06-16 12:49:33, EXEC, v:1, k:fup@baruel, mode:FULL, rate:0, size:41
2026-06-16 12:51:24, EXEC, v:1, k:fup@baruel, mode:FULL, rate:0, size:42
2026-06-16 12:52:19, EXEC, v:1, k:fup@baruel, mode:FULL, rate:0, size:42
2026-06-16 12:53:44, MOVE, v:1, k:fup@baruel, mode:EDIT
2026-06-16 12:52:19, MOVE, v:1, k:fup@baruel, mode:EDIT
2026-06-16 12:56:31, EXEC, v:1, k:fup@baruel, mode:FULL, size:46, fail:COMP
2026-06-16 12:58:44, MOVE, v:1, k:fup@baruel, mode:EDIT
2026-06-16 13:03:41, MOVE, v:1, k:fup@baruel, mode:EDIT
2026-06-16 13:06:36, EXEC, v:1, k:fup@baruel, mode:FULL, rate:0, size:58
2026-06-16 13:06:32, MOVE, v:1, k:fup@baruel, mode:EDIT
2026-06-16 13:06:36, MOVE, v:1, k:fup@baruel, mode:EDIT
2026-06-16 13:22:11, EXEC, v:1, k:fup@baruel, mode:FULL, rate:0, size:54
2026-06-16 13:22:33, EXEC, v:1, k:fup@baruel, mode:FULL, rate:0, size:54
2026-06-16 13:23:47, MOVE, v:1, k:fup@baruel, mode:EDIT
2026-06-16 13:22:33, MOVE, v:1, k:fup@baruel, mode:EDIT
2026-06-16 13:24:49, EXEC, v:1, k:fup@baruel, mode:FULL, rate:100, size:58
2026-06-16 13:24:55, MOVE, v:1, k:fup@baruel, mode:BACK
2026-06-16 13:25:36, SELF, v:1, k:fup@baruel, self:1, rate:100, study:270, guided:1
