2026-03-30 16:53:25, MOVE, v:1, k:fup@segundos, mode:DOWN
2026-03-30 16:53:30, MOVE, v:1, k:fup@segundos, mode:PICK
2026-03-30 16:53:33, EXEC, v:1, k:fup@segundos, mode:FULL, rate:0, size:5
2026-03-30 16:53:34, EXEC, v:1, k:fup@segundos, mode:FULL, rate:0
2026-03-30 17:07:17, EXEC, v:1, k:fup@segundos, mode:FULL, rate:0, size:11
2026-03-30 17:08:00, EXEC, v:1, k:fup@segundos, mode:FULL, rate:0, size:11
2026-03-30 17:08:29, EXEC, v:1, k:fup@segundos, mode:FULL, rate:0
2026-03-30 17:10:13, EXEC, v:1, k:fup@segundos, mode:FULL, rate:0, size:11
2026-03-30 17:10:31, EXEC, v:1, k:fup@segundos, mode:FULL, rate:0, size:11
2026-03-30 17:10:35, EXEC, v:1, k:fup@segundos, mode:FULL, rate:0
2026-03-30 17:11:18, EXEC, v:1, k:fup@segundos, mode:FULL, rate:0, size:11
2026-03-30 17:11:31, EXEC, v:1, k:fup@segundos, mode:FREE
2026-03-30 17:14:53, EXEC, v:1, k:fup@segundos, mode:FULL, rate:0, size:12
2026-03-30 17:24:01, EXEC, v:1, k:fup@segundos, mode:FULL, rate:0, size:12
2026-03-30 17:24:46, EXEC, v:1, k:fup@segundos, mode:FULL, rate:0, size:12
2026-03-30 17:25:04, EXEC, v:1, k:fup@segundos, mode:FULL, rate:0, size:12
2026-03-30 17:25:47, EXEC, v:1, k:fup@segundos, mode:FULL, rate:100, size:12
2026-03-30 17:31:51, EXEC, v:1, k:fup@segundos, mode:FREE
2026-03-30 17:32:18, MOVE, v:1, k:fup@segundos, mode:BACK
2026-03-30 17:33:46, SELF, v:1, k:fup@segundos, self:1, rate:100, study:40, friend:hanna
2026-03-30 17:33:50, MOVE, v:1, k:fup@celsius, mode:DOWN
2026-03-30 17:33:51, MOVE, v:1, k:fup@celsius, mode:PICK
2026-03-30 17:33:53, EXEC, v:1, k:fup@celsius, mode:FULL, rate:0, size:5
2026-03-30 17:33:53, EXEC, v:1, k:fup@celsius, mode:FULL, rate:0, size:5
2026-03-30 17:42:34, EXEC, v:1, k:fup@celsius, mode:FULL, rate:14, size:8
2026-03-30 17:42:56, EXEC, v:1, k:fup@celsius, mode:FULL, rate:0, size:8
2026-03-30 17:43:20, EXEC, v:1, k:fup@celsius, mode:FULL, rate:14, size:8
2026-03-30 17:47:14, EXEC, v:1, k:fup@celsius, mode:FULL, rate:14, size:8
2026-03-30 17:51:33, EXEC, v:1, k:fup@celsius, mode:FULL, rate:0, size:8
2026-03-30 17:53:07, EXEC, v:1, k:fup@celsius, mode:FREE, size:8
2026-03-30 17:54:28, EXEC, v:1, k:fup@celsius, mode:FULL, rate:14
2026-03-30 17:55:55, EXEC, v:1, k:fup@celsius, mode:FULL, rate:100, size:8
2026-03-30 17:57:18, EXEC, v:1, k:fup@celsius, mode:FREE
2026-03-30 17:57:38, MOVE, v:1, k:fup@celsius, mode:BACK
2026-03-30 17:57:38, MOVE, v:1, k:fup@celsius, mode:PICK
2026-03-30 17:57:40, EXEC, v:1, k:fup@celsius, mode:FULL, rate:100
2026-03-30 17:57:41, MOVE, v:1, k:fup@celsius, mode:BACK
2026-03-30 17:58:28, SELF, v:1, k:fup@celsius, self:1, rate:100, study:30, friend:hanna
2026-03-30 17:59:21, MOVE, v:1, k:fup@pintando, mode:DOWN
2026-03-30 17:59:25, MOVE, v:1, k:fup@pintando, mode:PICK
2026-03-30 17:59:27, EXEC, v:1, k:fup@pintando, mode:FULL, rate:0, size:5
2026-03-30 18:17:33, EXEC, v:1, k:fup@pintando, mode:FULL, rate:0, size:16
2026-03-30 18:17:46, EXEC, v:1, k:fup@pintando, mode:FULL, rate:100, size:16
2026-03-30 18:18:55, EXEC, v:1, k:fup@pintando, mode:FREE
2026-03-30 18:19:40, MOVE, v:1, k:fup@pintando, mode:BACK
2026-03-30 18:20:18, SELF, v:1, k:fup@pintando, self:1, rate:100, study:20
