2026-06-24 10:49:50, MOVE, v:1, k:fup@mercantil, mode:PICK
2026-06-24 10:49:52, EXEC, v:1, k:fup@mercantil, mode:FULL, size:53, fail:COMP
2026-06-24 10:54:11, MOVE, v:1, k:fup@mercantil, mode:EDIT
2026-06-24 10:57:35, EXEC, v:1, k:fup@mercantil, mode:FULL, rate:0, size:63
2026-06-24 10:59:18, MOVE, v:1, k:fup@mercantil, mode:EDIT
2026-06-24 10:57:35, MOVE, v:1, k:fup@mercantil, mode:EDIT
2026-06-24 10:59:53, EXEC, v:1, k:fup@mercantil, mode:FULL, rate:0, size:59
2026-06-24 11:01:54, EXEC, v:1, k:fup@mercantil, mode:FULL, rate:0, size:62
2026-06-24 11:03:52, MOVE, v:1, k:fup@mercantil, mode:BACK
2026-06-24 11:04:06, MOVE, v:1, k:fup@blackjack, mode:DOWN
2026-06-24 11:04:07, MOVE, v:1, k:fup@blackjack, mode:PICK
2026-06-24 11:04:19, MOVE, v:1, k:fup@blackjack, mode:PICK
2026-06-24 11:04:28, MOVE, v:1, k:fup@blackjack, mode:PICK
2026-06-24 11:04:30, EXEC, v:1, k:fup@blackjack, mode:FULL, rate:0, size:5
2026-06-24 11:09:22, EXEC, v:1, k:fup@blackjack, mode:FULL, rate:0, size:19
2026-06-24 11:09:21, MOVE, v:1, k:fup@blackjack, mode:EDIT
2026-06-24 11:09:19, MOVE, v:1, k:fup@blackjack, mode:EDIT
2026-06-24 11:14:24, MOVE, v:1, k:fup@blackjack, mode:EDIT
2026-06-24 11:15:59, EXEC, v:1, k:fup@blackjack, mode:FULL, rate:0, size:36
2026-06-24 11:17:04, EXEC, v:1, k:fup@blackjack, mode:FULL, rate:0, size:36
2026-06-24 11:17:02, MOVE, v:1, k:fup@blackjack, mode:EDIT
2026-06-24 11:17:04, MOVE, v:1, k:fup@blackjack, mode:EDIT
2026-06-24 11:20:39, EXEC, v:1, k:fup@blackjack, mode:FULL, rate:0, size:40
2026-06-24 11:23:10, EXEC, v:1, k:fup@blackjack, mode:FULL, rate:0, size:42
2026-06-24 11:24:21, MOVE, v:1, k:fup@blackjack, mode:EDIT
2026-06-24 11:23:10, MOVE, v:1, k:fup@blackjack, mode:EDIT
2026-06-24 11:25:02, EXEC, v:1, k:fup@blackjack, mode:FULL, rate:0, size:41
2026-06-24 11:26:02, EXEC, v:1, k:fup@blackjack, mode:FULL, rate:0, size:41
2026-06-24 11:26:51, EXEC, v:1, k:fup@blackjack, mode:FULL, rate:75, size:40
2026-06-24 11:28:49, EXEC, v:1, k:fup@blackjack, mode:FULL, rate:100, size:42
2026-06-24 11:28:54, MOVE, v:1, k:fup@blackjack, mode:BACK
2026-06-24 11:29:07, SELF, v:1, k:fup@blackjack, self:1, rate:100, study:25
2026-06-24 11:29:10, MOVE, v:1, k:fup@unhas, mode:DOWN
2026-06-24 11:29:11, MOVE, v:1, k:fup@unhas, mode:PICK
2026-06-24 11:29:12, EXEC, v:1, k:fup@unhas, mode:FULL, rate:0, size:5
2026-06-24 11:28:47, MOVE, v:1, k:fup@blackjack, mode:EDIT
2026-06-24 11:28:49, MOVE, v:1, k:fup@blackjack, mode:EDIT
2026-06-24 11:29:10, MOVE, v:1, k:fup@unhas, mode:EDIT
2026-06-24 11:29:12, MOVE, v:1, k:fup@unhas, mode:EDIT
2026-06-24 11:29:17, MOVE, v:1, k:fup@unhas, mode:EDIT
2026-06-24 11:32:23, EXEC, v:1, k:fup@unhas, mode:FULL, rate:0, size:17
2026-06-24 11:33:02, EXEC, v:1, k:fup@unhas, mode:FULL, rate:0, size:18
2026-06-24 11:34:14, EXEC, v:1, k:fup@unhas, mode:FULL, rate:0, size:21
2026-06-24 11:34:08, MOVE, v:1, k:fup@unhas, mode:EDIT
2026-06-24 11:34:14, MOVE, v:1, k:fup@unhas, mode:EDIT
2026-06-24 11:35:46, EXEC, v:1, k:fup@unhas, mode:FULL, rate:0, size:20
2026-06-24 11:36:12, EXEC, v:1, k:fup@unhas, mode:FULL, rate:88, size:21
2026-06-24 11:38:48, MOVE, v:1, k:fup@unhas, mode:EDIT
2026-06-24 11:36:12, MOVE, v:1, k:fup@unhas, mode:EDIT
2026-06-24 11:41:23, EXEC, v:1, k:fup@unhas, mode:FULL, rate:88, size:24
2026-06-24 11:43:46, MOVE, v:1, k:fup@unhas, mode:EDIT
2026-06-24 11:41:22, MOVE, v:1, k:fup@unhas, mode:EDIT
2026-06-24 11:49:28, MOVE, v:1, k:fup@unhas, mode:EDIT
2026-06-24 11:53:05, EXEC, v:1, k:fup@unhas, mode:FULL, rate:100, size:39
2026-06-24 11:53:27, MOVE, v:1, k:fup@unhas, mode:BACK
2026-06-24 11:53:36, SELF, v:1, k:fup@unhas, self:1, rate:100, study:30
2026-06-24 11:54:03, MOVE, v:1, k:fup@unhas, mode:PICK
2026-06-24 11:54:04, EXEC, v:1, k:fup@unhas, mode:FULL, rate:100
2026-06-24 11:54:06, MOVE, v:1, k:fup@unhas, mode:BACK
2026-06-24 11:54:08, MOVE, v:1, k:fup@casamento, mode:DOWN
2026-06-24 11:54:08, MOVE, v:1, k:fup@casamento, mode:PICK
2026-06-24 11:54:18, MOVE, v:1, k:fup@unhas, mode:PICK
2026-06-24 11:54:21, EXEC, v:1, k:fup@unhas, mode:FULL, rate:100
2026-06-24 11:54:22, MOVE, v:1, k:fup@unhas, mode:BACK
2026-06-24 11:54:23, MOVE, v:1, k:fup@casamento, mode:PICK
2026-06-24 11:54:24, EXEC, v:1, k:fup@casamento, mode:FULL, rate:0, size:5
2026-06-24 11:54:28, EXEC, v:1, k:fup@casamento, mode:FULL, rate:0
2026-06-24 11:56:57, EXEC, v:1, k:fup@casamento, mode:FULL, rate:0, size:9
2026-06-24 11:54:21, MOVE, v:1, k:fup@unhas, mode:EDIT
2026-06-24 11:56:57, MOVE, v:1, k:fup@casamento, mode:EDIT
2026-06-24 11:59:18, MOVE, v:1, k:fup@casamento, mode:EDIT
2026-06-24 12:00:51, EXEC, v:1, k:fup@casamento, mode:FULL, rate:0, size:27
2026-06-24 12:03:05, EXEC, v:1, k:fup@casamento, mode:FULL, rate:0, size:23
2026-06-24 12:03:24, EXEC, v:1, k:fup@casamento, mode:FULL, rate:0, size:23
2026-06-24 12:04:19, MOVE, v:1, k:fup@casamento, mode:EDIT
2026-06-24 12:03:24, MOVE, v:1, k:fup@casamento, mode:EDIT
2026-06-24 12:06:32, EXEC, v:1, k:fup@casamento, mode:FULL, rate:0, size:36
2026-06-24 12:07:34, EXEC, v:1, k:fup@casamento, mode:FULL, rate:100, size:34
2026-06-24 12:07:36, MOVE, v:1, k:fup@casamento, mode:BACK
2026-06-24 12:07:45, SELF, v:1, k:fup@casamento, self:1, rate:100, study:15
2026-06-24 12:07:32, MOVE, v:1, k:fup@casamento, mode:EDIT
2026-06-24 12:07:34, MOVE, v:1, k:fup@casamento, mode:EDIT
2026-06-24 12:20:38, MOVE, v:1, k:fup@pedra, mode:DOWN
2026-06-24 12:20:38, MOVE, v:1, k:fup@pedra, mode:PICK
2026-06-24 12:20:40, EXEC, v:1, k:fup@pedra, mode:FULL, rate:0, size:5
2026-06-24 12:20:38, MOVE, v:1, k:fup@pedra, mode:EDIT
2026-06-24 12:20:38, MOVE, v:1, k:fup@pedra, mode:EDIT
2026-06-24 12:20:39, MOVE, v:1, k:fup@pedra, mode:EDIT
2026-06-24 12:27:00, MOVE, v:1, k:fup@pedra, mode:BACK
2026-06-24 12:27:04, MOVE, v:1, k:fup@mmc, mode:DOWN
2026-06-24 12:27:05, MOVE, v:1, k:fup@mmc, mode:PICK
2026-06-24 12:27:06, EXEC, v:1, k:fup@mmc, mode:FULL, rate:0, size:5
2026-06-24 12:27:04, MOVE, v:1, k:fup@mmc, mode:EDIT
2026-06-24 12:27:10, MOVE, v:1, k:fup@mmc, mode:EDIT
2026-06-24 12:27:06, MOVE, v:1, k:fup@mmc, mode:EDIT
2026-06-24 12:34:19, MOVE, v:1, k:fup@mmc, mode:EDIT
2026-06-24 12:39:00, MOVE, v:1, k:fup@mmc, mode:EDIT
2026-06-24 12:44:19, MOVE, v:1, k:fup@mmc, mode:EDIT
2026-06-24 12:44:49, EXEC, v:1, k:fup@mmc, mode:FULL, rate:0, size:36
2026-06-24 12:45:42, EXEC, v:1, k:fup@mmc, mode:FULL, rate:0
2026-06-24 12:48:27, MOVE, v:1, k:fup@mmc, mode:BACK
2026-06-24 12:48:30, MOVE, v:1, k:fup@linha, mode:DOWN
2026-06-24 12:48:31, MOVE, v:1, k:fup@linha, mode:PICK
2026-06-24 12:48:32, EXEC, v:1, k:fup@linha, mode:FULL, rate:0, size:5
2026-06-24 12:47:35, MOVE, v:1, k:fup@mmc, mode:EDIT
2026-06-24 12:45:41, MOVE, v:1, k:fup@mmc, mode:EDIT
2026-06-24 12:48:30, MOVE, v:1, k:fup@linha, mode:EDIT
2026-06-24 12:48:32, MOVE, v:1, k:fup@linha, mode:EDIT
2026-06-24 12:48:48, MOVE, v:1, k:fup@linha, mode:EDIT
2026-06-24 12:50:49, EXEC, v:1, k:fup@linha, mode:FULL, rate:0, size:9
2026-06-24 12:52:38, EXEC, v:1, k:fup@linha, mode:FULL, rate:0
2026-06-24 12:50:48, MOVE, v:1, k:fup@linha, mode:EDIT
2026-06-24 12:52:38, MOVE, v:1, k:fup@linha, mode:EDIT
2026-06-24 12:59:19, MOVE, v:1, k:fup@linha, mode:EDIT
2026-06-24 12:59:23, EXEC, v:1, k:fup@linha, mode:FULL, rate:0, size:9
2026-06-24 13:00:37, EXEC, v:1, k:fup@linha, mode:FULL, rate:0, size:12
2026-06-24 13:01:38, EXEC, v:1, k:fup@linha, mode:FULL, rate:0, size:12
2026-06-24 13:02:52, MOVE, v:1, k:fup@linha, mode:PICK
2026-06-24 13:02:53, EXEC, v:1, k:fup@linha, mode:FULL, rate:0, size:12
2026-06-24 13:02:56, EXEC, v:1, k:fup@linha, mode:FULL, rate:0
2026-06-24 13:02:56, MOVE, v:1, k:fup@linha, mode:EDIT
2026-06-24 13:07:47, MOVE, v:1, k:fup@linha, mode:EDIT
2026-06-24 13:12:15, MOVE, v:1, k:fup@linha, mode:EDIT
2026-06-24 13:13:58, MOVE, v:1, k:fup@linha, mode:BACK
2026-06-24 13:14:07, MOVE, v:1, k:fup@decompor, mode:DOWN
2026-06-24 13:14:07, MOVE, v:1, k:fup@decompor, mode:PICK
2026-06-24 13:14:08, EXEC, v:1, k:fup@decompor, mode:FULL, rate:0, size:5
2026-06-24 13:15:16, MOVE, v:1, k:fup@decompor, mode:BACK
2026-06-24 13:15:21, MOVE, v:1, k:fup@ru, mode:DOWN
2026-06-24 13:15:22, MOVE, v:1, k:fup@ru, mode:PICK
2026-06-24 13:15:23, EXEC, v:1, k:fup@ru, mode:FULL, rate:0, size:5
2026-06-24 13:15:39, EXEC, v:1, k:fup@ru, mode:FULL, rate:0
2026-06-24 13:16:53, MOVE, v:1, k:fup@ru, mode:BACK
2026-06-24 13:16:56, MOVE, v:1, k:fup@xuxa, mode:PICK
2026-06-24 13:16:57, EXEC, v:1, k:fup@xuxa, mode:FULL, rate:100
2026-06-24 13:14:07, MOVE, v:1, k:fup@decompor, mode:EDIT
2026-06-24 13:14:08, MOVE, v:1, k:fup@decompor, mode:EDIT
2026-06-24 13:15:21, MOVE, v:1, k:fup@ru, mode:EDIT
2026-06-24 13:15:21, MOVE, v:1, k:fup@ru, mode:EDIT
2026-06-24 13:15:39, MOVE, v:1, k:fup@ru, mode:EDIT
2026-06-24 13:16:57, MOVE, v:1, k:fup@xuxa, mode:EDIT
2026-06-24 13:18:05, MOVE, v:1, k:fup@xuxa, mode:BACK
2026-06-24 13:18:09, MOVE, v:1, k:fup@ru, mode:PICK
2026-06-24 13:18:10, EXEC, v:1, k:fup@ru, mode:FULL, rate:0
2026-06-24 13:18:10, MOVE, v:1, k:fup@ru, mode:EDIT
2026-06-24 13:22:50, MOVE, v:1, k:fup@ru, mode:EDIT
2026-06-24 13:27:50, MOVE, v:1, k:fup@ru, mode:EDIT
2026-06-24 13:32:02, EXEC, v:1, k:fup@ru, mode:FULL, rate:0, size:32
2026-06-24 13:32:35, EXEC, v:1, k:fup@ru, mode:FULL, rate:0, size:32
2026-06-24 13:32:45, MOVE, v:1, k:fup@ru, mode:EDIT
2026-06-24 13:32:35, MOVE, v:1, k:fup@ru, mode:EDIT
2026-06-24 13:34:44, EXEC, v:1, k:fup@ru, mode:FULL, rate:0, size:35
2026-06-24 13:35:36, EXEC, v:1, k:fup@ru, mode:FULL, rate:0, size:35
2026-06-24 13:36:08, EXEC, v:1, k:fup@ru, mode:FULL, rate:100, size:34
2026-06-24 13:36:08, EXEC, v:1, k:fup@ru, mode:FULL, rate:100, size:34
2026-06-24 13:36:11, MOVE, v:1, k:fup@ru, mode:BACK
2026-06-24 13:36:26, SELF, v:1, k:fup@ru, self:1, rate:100, study:20
