2026-05-12 10:35:26, MOVE, v:1, k:fup@substring, mode:PICK
2026-05-12 10:35:27, EXEC, v:1, k:fup@substring, mode:FULL, size:14, fail:COMP
2026-05-12 10:35:41, MOVE, v:1, k:fup@substring, mode:BACK
2026-05-12 10:35:55, MOVE, v:1, k:fup@xuxa, mode:PICK
2026-05-12 10:35:57, EXEC, v:1, k:fup@xuxa, mode:FULL, rate:100
2026-05-12 10:35:57, MOVE, v:1, k:fup@xuxa, mode:EDIT
2026-05-12 10:36:04, MOVE, v:1, k:fup@xuxa, mode:EDIT
2026-05-12 10:40:02, MOVE, v:1, k:fup@substring, mode:EDIT
2026-05-12 10:45:51, MOVE, v:1, k:fup@substring, mode:EDIT
2026-05-12 10:50:52, MOVE, v:1, k:fup@substring, mode:EDIT
2026-05-12 10:52:37, MOVE, v:1, k:fup@xuxa, mode:BACK
2026-05-12 10:52:40, MOVE, v:1, k:fup@substring, mode:PICK
2026-05-12 10:52:42, EXEC, v:1, k:fup@substring, mode:FULL, rate:0, size:20
2026-05-12 10:53:19, EXEC, v:1, k:fup@substring, mode:FULL, rate:0, size:20
2026-05-12 10:53:39, EXEC, v:1, k:fup@substring, mode:FULL, rate:0, size:20
2026-05-12 10:55:10, EXEC, v:1, k:fup@substring, mode:FULL, rate:0, size:20
2026-05-12 10:55:16, MOVE, v:1, k:fup@substring, mode:EDIT
2026-05-12 10:55:09, MOVE, v:1, k:fup@substring, mode:EDIT
2026-05-12 10:56:50, EXEC, v:1, k:fup@substring, mode:FULL, rate:0, size:22
2026-05-12 10:58:33, EXEC, v:1, k:fup@substring, mode:FULL, rate:14, size:23
2026-05-12 10:58:31, MOVE, v:1, k:fup@substring, mode:EDIT
2026-05-12 10:58:33, MOVE, v:1, k:fup@substring, mode:EDIT
2026-05-12 11:10:49, MOVE, v:1, k:fup@substring, mode:EDIT
2026-05-12 11:14:17, EXEC, v:1, k:fup@substring, mode:FULL, rate:0, size:20
2026-05-12 11:15:03, EXEC, v:1, k:fup@substring, mode:FULL, rate:0, size:20
2026-05-12 11:15:16, MOVE, v:1, k:fup@substring, mode:BACK
2026-05-12 11:15:20, MOVE, v:1, k:fup@inverte, mode:PICK
2026-05-12 11:15:21, EXEC, v:1, k:fup@inverte, mode:FULL, rate:100
2026-05-12 11:15:43, MOVE, v:1, k:fup@inverte, mode:BACK
2026-05-12 11:15:45, MOVE, v:1, k:fup@substring, mode:PICK
2026-05-12 11:15:45, EXEC, v:1, k:fup@substring, mode:FULL, rate:0
2026-05-12 11:15:00, MOVE, v:1, k:fup@substring, mode:EDIT
2026-05-12 11:15:45, MOVE, v:1, k:fup@substring, mode:EDIT
2026-05-12 11:15:21, MOVE, v:1, k:fup@inverte, mode:EDIT
2026-05-12 11:15:24, MOVE, v:1, k:fup@inverte, mode:EDIT
2026-05-12 11:19:31, EXEC, v:1, k:fup@substring, mode:FULL, rate:0, size:22
2026-05-12 11:19:23, MOVE, v:1, k:fup@substring, mode:EDIT
2026-05-12 11:19:31, MOVE, v:1, k:fup@substring, mode:EDIT
2026-05-12 11:24:08, EXEC, v:1, k:fup@substring, mode:FREE
2026-05-12 11:24:54, MOVE, v:1, k:fup@substring, mode:EDIT
2026-05-12 11:29:16, EXEC, v:1, k:fup@substring, mode:FULL, rate:0, size:21
2026-05-12 11:30:53, MOVE, v:1, k:fup@substring, mode:EDIT
2026-05-12 11:29:16, MOVE, v:1, k:fup@substring, mode:EDIT
2026-05-12 11:34:01, EXEC, v:1, k:fup@substring, mode:FULL, rate:0, size:27
2026-05-12 11:34:26, EXEC, v:1, k:fup@substring, mode:FULL, rate:14, size:28
2026-05-12 11:35:17, EXEC, v:1, k:fup@substring, mode:FREE
2026-05-12 11:34:24, MOVE, v:1, k:fup@substring, mode:EDIT
2026-05-12 11:35:17, MOVE, v:1, k:fup@substring, mode:EDIT
2026-05-12 11:39:16, MOVE, v:1, k:fup@substring, mode:BACK
2026-05-12 11:39:43, MOVE, v:1, k:fup@semana, mode:DOWN
2026-05-12 11:39:43, MOVE, v:1, k:fup@semana, mode:PICK
2026-05-12 11:39:45, EXEC, v:1, k:fup@semana, mode:FULL, rate:0, size:5
2026-05-12 11:38:27, MOVE, v:1, k:fup@substring, mode:EDIT
2026-05-12 11:39:43, MOVE, v:1, k:fup@semana, mode:EDIT
2026-05-12 11:39:43, MOVE, v:1, k:fup@semana, mode:EDIT
2026-05-12 11:39:43, MOVE, v:1, k:fup@semana, mode:EDIT
2026-05-12 11:39:44, MOVE, v:1, k:fup@semana, mode:EDIT
2026-05-12 11:45:54, MOVE, v:1, k:fup@semana, mode:EDIT
2026-05-12 11:47:10, EXEC, v:1, k:fup@semana, mode:FULL, rate:40, size:10
2026-05-12 11:48:31, EXEC, v:1, k:fup@semana, mode:FULL, rate:45, size:12
2026-05-12 11:50:37, EXEC, v:1, k:fup@semana, mode:FULL, rate:45, size:12
2026-05-12 11:50:54, EXEC, v:1, k:fup@semana, mode:FULL, rate:45, size:12
2026-05-12 11:50:51, MOVE, v:1, k:fup@semana, mode:EDIT
2026-05-12 11:50:53, MOVE, v:1, k:fup@semana, mode:EDIT
2026-05-12 11:51:28, EXEC, v:1, k:fup@semana, mode:FULL, rate:45, size:12
2026-05-12 11:52:17, EXEC, v:1, k:fup@semana, mode:FULL, rate:55, size:12
2026-05-12 11:52:29, EXEC, v:1, k:fup@semana, mode:FREE
2026-05-12 11:53:22, EXEC, v:1, k:fup@semana, mode:FULL, rate:55, size:12
2026-05-12 11:55:05, EXEC, v:1, k:fup@semana, mode:FULL, rate:55, size:12
2026-05-12 11:55:24, EXEC, v:1, k:fup@semana, mode:FREE
2026-05-12 11:55:03, MOVE, v:1, k:fup@semana, mode:EDIT
2026-05-12 11:55:25, MOVE, v:1, k:fup@semana, mode:EDIT
2026-05-12 11:58:15, EXEC, v:1, k:fup@semana, mode:FULL, rate:90, size:12
2026-05-12 12:00:48, EXEC, v:1, k:fup@semana, mode:FULL, size:14, fail:COMP
2026-05-12 12:00:56, MOVE, v:1, k:fup@semana, mode:EDIT
2026-05-12 11:58:15, MOVE, v:1, k:fup@semana, mode:EDIT
2026-05-12 12:01:09, EXEC, v:1, k:fup@semana, mode:FULL, rate:95, size:14
2026-05-12 12:01:07, MOVE, v:1, k:fup@semana, mode:EDIT
2026-05-12 12:01:08, MOVE, v:1, k:fup@semana, mode:EDIT
2026-05-12 12:07:24, EXEC, v:1, k:fup@semana, mode:FULL, rate:85, size:14
2026-05-12 12:09:40, EXEC, v:1, k:fup@semana, mode:FULL, rate:55, size:14
2026-05-12 12:10:54, MOVE, v:1, k:fup@semana, mode:EDIT
2026-05-12 12:09:39, MOVE, v:1, k:fup@semana, mode:EDIT
2026-05-12 12:13:31, EXEC, v:1, k:fup@semana, mode:FULL, rate:85, size:16
2026-05-12 12:15:08, EXEC, v:1, k:fup@semana, mode:FULL, rate:80, size:16
2026-05-12 12:15:06, MOVE, v:1, k:fup@semana, mode:EDIT
2026-05-12 12:15:07, MOVE, v:1, k:fup@semana, mode:EDIT
2026-05-12 12:16:53, EXEC, v:1, k:fup@semana, mode:FULL, rate:10, size:10
2026-05-12 12:19:45, EXEC, v:1, k:fup@semana, mode:FULL, rate:45, size:12
2026-05-12 12:20:56, MOVE, v:1, k:fup@semana, mode:EDIT
2026-05-12 12:19:45, MOVE, v:1, k:fup@semana, mode:EDIT
2026-05-12 12:21:51, EXEC, v:1, k:fup@semana, mode:FULL, rate:95, size:16
2026-05-12 12:24:00, EXEC, v:1, k:fup@semana, mode:FULL, rate:95, size:18
2026-05-12 12:24:52, EXEC, v:1, k:fup@semana, mode:FREE
2026-05-12 12:23:58, MOVE, v:1, k:fup@semana, mode:EDIT
2026-05-12 12:25:01, MOVE, v:1, k:fup@semana, mode:EDIT
2026-05-12 12:26:01, EXEC, v:1, k:fup@semana, mode:FULL, rate:55, size:14
2026-05-12 12:26:30, MOVE, v:1, k:fup@semana, mode:PICK
2026-05-12 12:26:31, EXEC, v:1, k:fup@semana, mode:FULL, rate:55, size:16
2026-05-12 12:26:33, EXEC, v:1, k:fup@semana, mode:FULL, rate:55
2026-05-12 12:26:56, EXEC, v:1, k:fup@semana, mode:FULL, rate:95, size:18
2026-05-12 12:27:45, EXEC, v:1, k:fup@semana, mode:FULL, rate:95, size:16
2026-05-12 12:28:01, EXEC, v:1, k:fup@semana, mode:FREE
2026-05-12 12:29:04, MOVE, v:1, k:fup@semana, mode:BACK
2026-05-12 12:30:09, MOVE, v:1, k:fup@colorido, mode:DOWN
2026-05-12 12:30:09, MOVE, v:1, k:fup@colorido, mode:PICK
2026-05-12 12:30:11, EXEC, v:1, k:fup@colorido, mode:FULL, rate:0, size:5
2026-05-12 12:28:33, MOVE, v:1, k:fup@semana, mode:EDIT
2026-05-12 12:27:41, MOVE, v:1, k:fup@semana, mode:EDIT
2026-05-12 12:30:08, MOVE, v:1, k:fup@colorido, mode:EDIT
2026-05-12 12:30:09, MOVE, v:1, k:fup@colorido, mode:EDIT
2026-05-12 12:30:11, MOVE, v:1, k:fup@colorido, mode:EDIT
2026-05-12 12:31:28, MOVE, v:1, k:fup@colorido, mode:EDIT
2026-05-12 12:35:54, MOVE, v:1, k:fup@colorido, mode:EDIT
2026-05-12 12:41:13, MOVE, v:1, k:fup@colorido, mode:EDIT
2026-05-12 12:44:40, EXEC, v:1, k:fup@colorido, mode:FULL, rate:0, size:17
2026-05-12 12:45:20, EXEC, v:1, k:fup@colorido, mode:FULL, rate:0, size:17
2026-05-12 12:46:27, MOVE, v:1, k:fup@colorido, mode:EDIT
2026-05-12 12:45:20, MOVE, v:1, k:fup@colorido, mode:EDIT
2026-05-12 12:46:47, EXEC, v:1, k:fup@colorido, mode:FULL, rate:0, size:19
2026-05-12 12:47:58, EXEC, v:1, k:fup@colorido, mode:FULL, rate:0, size:19
2026-05-12 12:49:06, EXEC, v:1, k:fup@colorido, mode:FULL, rate:0, size:24
2026-05-12 12:49:15, EXEC, v:1, k:fup@colorido, mode:FULL, rate:16, size:24
2026-05-12 12:49:52, EXEC, v:1, k:fup@colorido, mode:FULL, rate:0, size:24
2026-05-12 12:51:12, MOVE, v:1, k:fup@colorido, mode:EDIT
2026-05-12 12:49:52, MOVE, v:1, k:fup@colorido, mode:EDIT
2026-05-12 12:56:24, MOVE, v:1, k:fup@colorido, mode:EDIT
2026-05-12 13:00:45, EXEC, v:1, k:fup@colorido, mode:FULL, rate:0, size:32
2026-05-12 13:00:39, MOVE, v:1, k:fup@colorido, mode:EDIT
2026-05-12 13:00:45, MOVE, v:1, k:fup@colorido, mode:EDIT
2026-05-12 13:01:40, EXEC, v:1, k:fup@colorido, mode:FULL, rate:0, size:32
2026-05-12 13:01:52, EXEC, v:1, k:fup@colorido, mode:FULL, rate:0, size:32
2026-05-12 13:02:01, EXEC, v:1, k:fup@colorido, mode:FULL, rate:16, size:32
2026-05-12 13:03:22, EXEC, v:1, k:fup@colorido, mode:FULL, rate:0, size:34
2026-05-12 13:03:41, EXEC, v:1, k:fup@colorido, mode:FULL, rate:66, size:34
2026-05-12 13:06:28, MOVE, v:1, k:fup@colorido, mode:EDIT
2026-05-12 13:03:41, MOVE, v:1, k:fup@colorido, mode:EDIT
2026-05-12 13:07:38, MOVE, v:1, k:fup@colorido, mode:BACK
