2026-05-26 11:07:03, MOVE, v:1, k:fup@impedido, mode:DOWN
2026-05-26 11:07:03, MOVE, v:1, k:fup@impedido, mode:PICK
2026-05-26 11:07:05, EXEC, v:1, k:fup@impedido, mode:FULL, rate:0, size:5
2026-05-26 11:07:06, EXEC, v:1, k:fup@impedido, mode:FULL, rate:0
2026-05-26 11:07:58, MOVE, v:1, k:fup@impedido, mode:BACK
2026-05-26 11:08:07, MOVE, v:1, k:fup@impedido, mode:PICK
2026-05-26 11:08:08, EXEC, v:1, k:fup@impedido, mode:FULL, rate:0
2026-05-26 11:07:03, MOVE, v:1, k:fup@impedido, mode:EDIT
2026-05-26 11:07:03, MOVE, v:1, k:fup@impedido, mode:EDIT
2026-05-26 11:10:44, MOVE, v:1, k:fup@impedido, mode:EDIT
2026-05-26 11:08:08, MOVE, v:1, k:fup@impedido, mode:EDIT
2026-05-26 11:14:41, EXEC, v:1, k:fup@impedido, mode:FULL, rate:0, size:14
2026-05-26 11:14:53, EXEC, v:1, k:fup@impedido, mode:FULL, rate:100, size:13
2026-05-26 11:14:55, MOVE, v:1, k:fup@impedido, mode:BACK
2026-05-26 11:15:08, SELF, v:1, k:fup@impedido, self:1, rate:100, study:10
2026-05-26 11:15:43, MOVE, v:1, k:fup@maximo, mode:DOWN
2026-05-26 11:15:44, MOVE, v:1, k:fup@maximo, mode:PICK
2026-05-26 11:15:45, EXEC, v:1, k:fup@maximo, mode:FULL, rate:0, size:5
2026-05-26 11:14:51, MOVE, v:1, k:fup@impedido, mode:EDIT
2026-05-26 11:14:53, MOVE, v:1, k:fup@impedido, mode:EDIT
2026-05-26 11:15:43, MOVE, v:1, k:fup@maximo, mode:EDIT
2026-05-26 11:15:43, MOVE, v:1, k:fup@maximo, mode:EDIT
2026-05-26 11:15:43, MOVE, v:1, k:fup@maximo, mode:EDIT
2026-05-26 11:15:44, MOVE, v:1, k:fup@maximo, mode:EDIT
2026-05-26 11:18:29, EXEC, v:1, k:fup@maximo, mode:FULL, rate:0, size:13
2026-05-26 11:18:41, EXEC, v:1, k:fup@maximo, mode:FULL, rate:100, size:12
2026-05-26 11:18:42, MOVE, v:1, k:fup@maximo, mode:BACK
2026-05-26 11:18:54, SELF, v:1, k:fup@maximo, self:1, rate:100, study:2
2026-05-26 11:18:58, MOVE, v:1, k:fup@chaves, mode:DOWN
2026-05-26 11:18:59, MOVE, v:1, k:fup@chaves, mode:PICK
2026-05-26 11:19:00, EXEC, v:1, k:fup@chaves, mode:FULL, rate:0, size:5
2026-05-26 11:19:11, EXEC, v:1, k:fup@chaves, mode:FULL, rate:0
2026-05-26 11:18:38, MOVE, v:1, k:fup@maximo, mode:EDIT
2026-05-26 11:18:40, MOVE, v:1, k:fup@maximo, mode:EDIT
2026-05-26 11:18:58, MOVE, v:1, k:fup@chaves, mode:EDIT
2026-05-26 11:18:58, MOVE, v:1, k:fup@chaves, mode:EDIT
2026-05-26 11:19:11, MOVE, v:1, k:fup@chaves, mode:EDIT
2026-05-26 11:20:40, MOVE, v:1, k:fup@chaves, mode:EDIT
2026-05-26 11:22:14, EXEC, v:1, k:fup@chaves, mode:FULL, rate:100, size:13
2026-05-26 11:22:24, MOVE, v:1, k:fup@chaves, mode:BACK
2026-05-26 11:22:33, SELF, v:1, k:fup@chaves, self:1, rate:100, study:3
2026-05-26 11:24:07, MOVE, v:1, k:fup@poco, mode:DOWN
2026-05-26 11:24:07, MOVE, v:1, k:fup@poco, mode:PICK
2026-05-26 11:24:08, EXEC, v:1, k:fup@poco, mode:FULL, rate:0, size:5
2026-05-26 11:24:10, EXEC, v:1, k:fup@poco, mode:FULL, rate:0
2026-05-26 11:22:11, MOVE, v:1, k:fup@chaves, mode:EDIT
2026-05-26 11:22:13, MOVE, v:1, k:fup@chaves, mode:EDIT
2026-05-26 11:24:07, MOVE, v:1, k:fup@poco, mode:EDIT
2026-05-26 11:24:07, MOVE, v:1, k:fup@poco, mode:EDIT
2026-05-26 11:24:10, MOVE, v:1, k:fup@poco, mode:EDIT
2026-05-26 11:28:00, MOVE, v:1, k:fup@poco, mode:BACK
2026-05-26 11:30:20, MOVE, v:1, k:eval1@bala, mode:PICK
2026-05-26 11:30:21, EXEC, v:1, k:eval1@bala, mode:FULL, rate:100
2026-05-26 11:30:24, MOVE, v:1, k:eval1@bala, mode:BACK
2026-05-26 11:30:40, SELF, v:1, k:eval1@bala, self:1, rate:100, study:20
2026-05-26 11:30:21, MOVE, v:1, k:eval1@bala, mode:EDIT
2026-05-26 11:30:50, SELF, v:1, k:eval1@mumia, self:1, rate:100, study:11
2026-05-26 11:31:02, SELF, v:1, k:eval1@monica, self:1, rate:100, study:12
2026-05-26 11:31:27, MOVE, v:1, k:eval1@pares, mode:PICK
2026-05-26 11:31:28, EXEC, v:1, k:eval1@pares, mode:FULL, size:9, fail:COMP
2026-05-26 11:31:29, EXEC, v:1, k:eval1@pares, mode:FULL, fail:COMP
2026-05-26 11:34:19, EXEC, v:1, k:eval1@pares, mode:FULL, rate:85, size:14
2026-05-26 11:35:26, MOVE, v:1, k:eval1@pares, mode:EDIT
2026-05-26 11:34:19, MOVE, v:1, k:eval1@pares, mode:EDIT
2026-05-26 11:37:11, EXEC, v:1, k:eval1@pares, mode:FULL, rate:0, size:18
2026-05-26 11:37:30, EXEC, v:1, k:eval1@pares, mode:FULL, rate:71, size:18
2026-05-26 11:37:52, EXEC, v:1, k:eval1@pares, mode:FULL, rate:71, size:18
2026-05-26 11:38:10, EXEC, v:1, k:eval1@pares, mode:FULL, rate:100, size:18
2026-05-26 11:38:14, MOVE, v:1, k:eval1@pares, mode:BACK
2026-05-26 11:38:26, SELF, v:1, k:eval1@pares, self:1, rate:100, study:20
2026-05-26 11:38:37, MOVE, v:1, k:eval1@ceu, mode:PICK
2026-05-26 11:38:37, EXEC, v:1, k:eval1@ceu, mode:FULL, size:11, fail:COMP
2026-05-26 11:38:38, EXEC, v:1, k:eval1@ceu, mode:FULL, fail:COMP
2026-05-26 11:38:09, MOVE, v:1, k:eval1@pares, mode:EDIT
2026-05-26 11:38:10, MOVE, v:1, k:eval1@pares, mode:EDIT
2026-05-26 11:40:43, MOVE, v:1, k:eval1@ceu, mode:EDIT
2026-05-26 11:42:24, EXEC, v:1, k:eval1@ceu, mode:FULL, rate:0, size:11
2026-05-26 11:42:47, EXEC, v:1, k:eval1@ceu, mode:FULL, rate:0, size:11
2026-05-26 11:43:22, EXEC, v:1, k:eval1@ceu, mode:FULL, rate:0, size:12
2026-05-26 11:45:33, EXEC, v:1, k:eval1@ceu, mode:FULL, rate:0, size:15
2026-05-26 11:45:31, MOVE, v:1, k:eval1@ceu, mode:EDIT
2026-05-26 11:45:33, MOVE, v:1, k:eval1@ceu, mode:EDIT
2026-05-26 11:46:10, EXEC, v:1, k:eval1@ceu, mode:FULL, rate:100, size:16
2026-05-26 11:46:11, MOVE, v:1, k:eval1@ceu, mode:BACK
2026-05-26 11:46:22, SELF, v:1, k:eval1@ceu, self:1, rate:100, study:23
2026-05-26 11:46:08, MOVE, v:1, k:eval1@ceu, mode:EDIT
2026-05-26 11:46:10, MOVE, v:1, k:eval1@ceu, mode:EDIT
2026-05-26 11:53:30, MOVE, v:1, k:fup@intervalada, mode:DOWN
2026-05-26 11:53:30, MOVE, v:1, k:fup@intervalada, mode:PICK
2026-05-26 11:53:31, EXEC, v:1, k:fup@intervalada, mode:FULL, rate:0, size:5
2026-05-26 11:53:30, MOVE, v:1, k:fup@intervalada, mode:EDIT
2026-05-26 11:53:30, MOVE, v:1, k:fup@intervalada, mode:EDIT
2026-05-26 11:53:31, MOVE, v:1, k:fup@intervalada, mode:EDIT
2026-05-26 12:00:03, MOVE, v:1, k:fup@intervalada, mode:BACK
2026-05-26 16:14:06, MOVE, v:1, k:fup@drone, mode:PICK
2026-05-26 16:14:09, EXEC, v:1, k:fup@drone, mode:FULL, rate:0, size:5
2026-05-26 16:14:09, MOVE, v:1, k:fup@drone, mode:EDIT
2026-05-26 16:18:41, MOVE, v:1, k:fup@drone, mode:EDIT
2026-05-26 16:23:33, MOVE, v:1, k:fup@drone, mode:EDIT
2026-05-26 16:23:45, EXEC, v:1, k:fup@drone, mode:FULL, rate:14, size:17
2026-05-26 16:24:32, EXEC, v:1, k:fup@drone, mode:FULL, rate:57, size:17
2026-05-26 16:24:45, EXEC, v:1, k:fup@drone, mode:FULL, rate:71, size:17
2026-05-26 16:25:09, EXEC, v:1, k:fup@drone, mode:FULL, rate:100, size:19
2026-05-26 16:25:11, MOVE, v:1, k:fup@drone, mode:BACK
2026-05-26 16:25:25, SELF, v:1, k:fup@drone, self:1, rate:100, study:13
2026-05-26 16:25:42, MOVE, v:1, k:fup@fuga, mode:PICK
2026-05-26 16:25:43, EXEC, v:1, k:fup@fuga, mode:FULL, rate:0
2026-05-26 16:27:37, EXEC, v:1, k:fup@fuga, mode:FULL, rate:20, size:19
2026-05-26 16:28:11, EXEC, v:1, k:fup@fuga, mode:FULL, rate:20, size:20
2026-05-26 16:25:08, MOVE, v:1, k:fup@drone, mode:EDIT
2026-05-26 16:25:09, MOVE, v:1, k:fup@drone, mode:EDIT
2026-05-26 16:28:11, MOVE, v:1, k:fup@fuga, mode:EDIT
2026-05-26 16:28:41, MOVE, v:1, k:fup@fuga, mode:EDIT
2026-05-26 16:28:52, EXEC, v:1, k:fup@fuga, mode:FULL, rate:0, size:22
2026-05-26 16:29:05, EXEC, v:1, k:fup@fuga, mode:FULL, rate:0, size:23
2026-05-26 16:29:32, EXEC, v:1, k:fup@fuga, mode:FULL, rate:40, size:23
2026-05-26 16:32:51, EXEC, v:1, k:fup@fuga, mode:FULL, rate:40, size:29
2026-05-26 16:33:30, EXEC, v:1, k:fup@fuga, mode:FULL, rate:50, size:29
2026-05-26 16:33:29, MOVE, v:1, k:fup@fuga, mode:EDIT
2026-05-26 16:33:30, MOVE, v:1, k:fup@fuga, mode:EDIT
2026-05-26 16:34:14, EXEC, v:1, k:fup@fuga, mode:FULL, rate:40, size:31
2026-05-26 16:34:29, EXEC, v:1, k:fup@fuga, mode:FULL, rate:40, size:33
2026-05-26 16:36:47, EXEC, v:1, k:fup@fuga, mode:FULL, rate:0, size:21
2026-05-26 16:37:17, EXEC, v:1, k:fup@fuga, mode:FULL, rate:0
2026-05-26 16:37:26, EXEC, v:1, k:fup@fuga, mode:FULL, rate:0
2026-05-26 16:36:30, MOVE, v:1, k:fup@fuga, mode:EDIT
2026-05-26 16:37:26, MOVE, v:1, k:fup@fuga, mode:EDIT
2026-05-26 16:39:32, EXEC, v:1, k:fup@fuga, mode:FULL, rate:50, size:21
2026-05-26 16:41:52, MOVE, v:1, k:fup@fuga, mode:BACK
2026-05-26 16:42:02, MOVE, v:1, k:fup@fuga, mode:PICK
2026-05-26 16:42:02, EXEC, v:1, k:fup@fuga, mode:FULL, size:22, fail:COMP
2026-05-26 16:42:03, EXEC, v:1, k:fup@fuga, mode:FULL, fail:COMP
2026-05-26 16:43:34, MOVE, v:1, k:fup@fuga, mode:EDIT
2026-05-26 16:39:32, MOVE, v:1, k:fup@fuga, mode:EDIT
2026-05-26 16:47:39, EXEC, v:1, k:fup@fuga, mode:FULL, rate:50, size:30
2026-05-26 16:48:11, EXEC, v:1, k:fup@fuga, mode:FULL, rate:50
2026-05-26 16:48:13, EXEC, v:1, k:fup@fuga, mode:FULL, rate:50
2026-05-26 16:48:13, EXEC, v:1, k:fup@fuga, mode:FULL, rate:50
2026-05-26 16:48:09, MOVE, v:1, k:fup@fuga, mode:EDIT
2026-05-26 16:48:13, MOVE, v:1, k:fup@fuga, mode:EDIT
2026-05-26 16:50:12, MOVE, v:1, k:fup@fuga, mode:BACK
2026-05-26 16:50:19, MOVE, v:1, k:fup@colorido, mode:PICK
2026-05-26 16:50:20, EXEC, v:1, k:fup@colorido, mode:FULL, rate:100
2026-05-26 16:51:52, EXEC, v:1, k:fup@colorido, mode:FULL, rate:100
2026-05-26 16:51:55, MOVE, v:1, k:fup@colorido, mode:BACK
2026-05-26 16:51:57, MOVE, v:1, k:fup@fuga, mode:PICK
2026-05-26 16:51:58, EXEC, v:1, k:fup@fuga, mode:FULL, rate:50, size:30
2026-05-26 16:52:45, MOVE, v:1, k:fup@fuga, mode:BACK
2026-05-26 16:51:52, MOVE, v:1, k:fup@colorido, mode:EDIT
2026-05-26 16:51:50, MOVE, v:1, k:fup@fuga, mode:EDIT
2026-05-26 16:51:58, MOVE, v:1, k:fup@fuga, mode:EDIT
2026-05-26 17:01:06, MOVE, v:1, k:sandbox@user_001, mode:PICK
2026-05-26 17:01:07, EXEC, v:1, k:sandbox@user_001, mode:FULL, size:42, fail:COMP
2026-05-26 17:01:54, EXEC, v:1, k:sandbox@user_001, mode:FULL, size:23, fail:COMP
2026-05-26 17:01:38, MOVE, v:1, k:sandbox@user_001, mode:EDIT
2026-05-26 17:15:47, EXEC, v:1, k:sandbox@user_001, mode:FULL, fail:COMP
2026-05-26 17:15:47, EXEC, v:1, k:sandbox@user_001, mode:FULL, fail:COMP
2026-05-26 17:17:03, MOVE, v:1, k:sandbox@user_001, mode:EDIT
2026-05-26 17:22:30, MOVE, v:1, k:sandbox@user_001, mode:EDIT
