2026-06-02 10:55:21, MOVE, v:1, k:fup@goiabas, mode:PICK
2026-06-02 10:55:24, EXEC, v:1, k:fup@goiabas, mode:FULL, rate:0
2026-06-02 10:55:24, EXEC, v:1, k:fup@goiabas, mode:FULL, rate:0
2026-06-02 10:55:24, MOVE, v:1, k:fup@goiabas, mode:EDIT
2026-06-02 11:03:45, MOVE, v:1, k:fup@goiabas, mode:EDIT
2026-06-02 11:05:50, EXEC, v:1, k:fup@goiabas, mode:FULL, rate:100, size:15
2026-06-02 11:05:57, MOVE, v:1, k:fup@goiabas, mode:BACK
2026-06-02 11:06:22, SELF, v:1, k:fup@goiabas, self:1, rate:100, study:13
2026-06-02 11:06:49, MOVE, v:1, k:fup@fuga, mode:PICK
2026-06-02 11:06:50, EXEC, v:1, k:fup@fuga, mode:FULL, rate:50
2026-06-02 11:05:48, MOVE, v:1, k:fup@goiabas, mode:EDIT
2026-06-02 11:05:50, MOVE, v:1, k:fup@goiabas, mode:EDIT
2026-06-02 11:06:50, MOVE, v:1, k:fup@fuga, mode:EDIT
2026-06-02 11:12:39, EXEC, v:1, k:fup@fuga, mode:FULL, rate:50, size:28
2026-06-02 11:14:10, MOVE, v:1, k:fup@fuga, mode:EDIT
2026-06-02 11:12:39, MOVE, v:1, k:fup@fuga, mode:EDIT
2026-06-02 11:14:39, EXEC, v:1, k:fup@fuga, mode:FULL, rate:50, size:31
2026-06-02 11:17:27, EXEC, v:1, k:fup@fuga, mode:FULL, rate:10, size:31
2026-06-02 11:16:57, MOVE, v:1, k:fup@fuga, mode:EDIT
2026-06-02 11:17:27, MOVE, v:1, k:fup@fuga, mode:EDIT
2026-06-02 11:24:09, MOVE, v:1, k:fup@fuga, mode:EDIT
2026-06-02 11:28:08, MOVE, v:1, k:fup@fuga, mode:EDIT
2026-06-02 11:33:36, MOVE, v:1, k:fup@fuga, mode:EDIT
2026-06-02 11:36:33, EXEC, v:1, k:fup@fuga, mode:FULL, rate:60, size:37
2026-06-02 11:39:01, MOVE, v:1, k:fup@fuga, mode:EDIT
2026-06-02 11:36:33, MOVE, v:1, k:fup@fuga, mode:EDIT
2026-06-02 11:44:10, EXEC, v:1, k:fup@fuga, mode:FULL, rate:100, size:63
2026-06-02 11:44:00, MOVE, v:1, k:fup@fuga, mode:EDIT
2026-06-02 11:44:10, MOVE, v:1, k:fup@fuga, mode:EDIT
2026-06-02 11:45:41, MOVE, v:1, k:fup@fuga, mode:BACK
2026-06-02 11:46:29, SELF, v:1, k:fup@fuga, self:1, rate:100, study:180, concept:1, problem:1, code:1, debug:1, refactor:1
