2026-05-11 16:53:09, MOVE, v:1, k:fup@final, mode:PICK
2026-05-11 16:53:12, EXEC, v:1, k:fup@final, mode:FULL, rate:60
2026-05-11 16:53:12, EXEC, v:1, k:fup@final, mode:FULL, rate:60
2026-05-11 16:53:13, EXEC, v:1, k:fup@final, mode:FULL, rate:60
2026-05-11 16:53:13, EXEC, v:1, k:fup@final, mode:FULL, rate:60
2026-05-11 16:53:13, MOVE, v:1, k:fup@final, mode:EDIT
2026-05-11 17:03:18, MOVE, v:1, k:fup@final, mode:BACK
2026-05-11 17:03:31, MOVE, v:1, k:fup@esconde, mode:DOWN
2026-05-11 17:03:31, MOVE, v:1, k:fup@esconde, mode:PICK
2026-05-11 17:03:32, EXEC, v:1, k:fup@esconde, mode:FULL, rate:0, size:5
2026-05-11 17:07:34, EXEC, v:1, k:fup@esconde, mode:FULL, rate:0, size:13
2026-05-11 17:03:30, MOVE, v:1, k:fup@esconde, mode:EDIT
2026-05-11 17:03:30, MOVE, v:1, k:fup@esconde, mode:EDIT
2026-05-11 17:07:43, MOVE, v:1, k:fup@esconde, mode:EDIT
2026-05-11 17:07:34, MOVE, v:1, k:fup@esconde, mode:EDIT
2026-05-11 17:09:11, EXEC, v:1, k:fup@esconde, mode:FULL, rate:0, size:16
2026-05-11 17:09:39, EXEC, v:1, k:fup@esconde, mode:FULL, rate:0, size:16
2026-05-11 17:10:32, EXEC, v:1, k:fup@esconde, mode:FULL, rate:100, size:17
2026-05-11 17:10:38, MOVE, v:1, k:fup@esconde, mode:BACK
2026-05-11 17:10:50, SELF, v:1, k:fup@esconde, self:1, rate:100, study:10
2026-05-11 17:11:15, MOVE, v:1, k:fup@batraquios, mode:PICK
2026-05-11 17:11:16, EXEC, v:1, k:fup@batraquios, mode:FULL, rate:0
2026-05-11 17:10:31, MOVE, v:1, k:fup@esconde, mode:EDIT
2026-05-11 17:10:32, MOVE, v:1, k:fup@esconde, mode:EDIT
2026-05-11 17:11:16, MOVE, v:1, k:fup@batraquios, mode:EDIT
2026-05-11 17:17:02, EXEC, v:1, k:fup@batraquios, mode:FULL, rate:0
2026-05-11 17:17:02, EXEC, v:1, k:fup@batraquios, mode:FULL, rate:0
2026-05-11 17:17:02, EXEC, v:1, k:fup@batraquios, mode:FULL, rate:0
2026-05-11 17:17:03, MOVE, v:1, k:fup@batraquios, mode:EDIT
2026-05-11 17:18:06, MOVE, v:1, k:fup@batraquios, mode:BACK
2026-05-11 17:18:16, MOVE, v:1, k:fup@final, mode:PICK
2026-05-11 17:18:17, EXEC, v:1, k:fup@final, mode:FULL, rate:60
2026-05-11 17:21:10, EXEC, v:1, k:fup@final, mode:FULL, size:19, fail:COMP
2026-05-11 17:21:28, EXEC, v:1, k:fup@final, mode:FULL, rate:60, size:19
2026-05-11 17:22:44, EXEC, v:1, k:fup@final, mode:FULL, rate:60, size:19
2026-05-11 17:22:44, MOVE, v:1, k:fup@final, mode:EDIT
2026-05-11 17:22:40, MOVE, v:1, k:fup@final, mode:EDIT
2026-05-11 17:23:22, MOVE, v:1, k:fup@final, mode:PICK
2026-05-11 17:23:24, EXEC, v:1, k:fup@final, mode:FULL, rate:60
2026-05-11 17:23:57, EXEC, v:1, k:fup@final, mode:FULL, rate:60, size:19
2026-05-11 17:26:11, EXEC, v:1, k:fup@final, mode:FULL, rate:100, size:21
2026-05-11 17:26:37, EXEC, v:1, k:fup@final, mode:FULL, rate:100, size:21
2026-05-11 17:27:06, MOVE, v:1, k:fup@final, mode:BACK
2026-05-11 17:27:25, SELF, v:1, k:fup@final, self:1, rate:100, study:37, friend:daniel
2026-05-11 17:26:37, MOVE, v:1, k:fup@final, mode:EDIT
2026-05-11 17:26:37, MOVE, v:1, k:fup@final, mode:EDIT
2026-05-11 17:29:53, MOVE, v:1, k:fup@zigzag, mode:DOWN
2026-05-11 17:29:54, MOVE, v:1, k:fup@zigzag, mode:PICK
2026-05-11 17:29:55, EXEC, v:1, k:fup@zigzag, mode:FULL, rate:0, size:5
2026-05-11 17:29:53, MOVE, v:1, k:fup@zigzag, mode:EDIT
2026-05-11 17:29:53, MOVE, v:1, k:fup@zigzag, mode:EDIT
2026-05-11 17:33:15, MOVE, v:1, k:fup@zigzag, mode:EDIT
2026-05-11 17:29:55, MOVE, v:1, k:fup@zigzag, mode:EDIT
2026-05-11 17:37:29, EXEC, v:1, k:fup@zigzag, mode:FULL, rate:0, size:18
2026-05-11 17:38:16, EXEC, v:1, k:fup@zigzag, mode:FULL, rate:0
2026-05-11 17:38:17, EXEC, v:1, k:fup@zigzag, mode:FULL, rate:0
2026-05-11 17:38:17, EXEC, v:1, k:fup@zigzag, mode:FULL, rate:0
2026-05-11 17:38:18, EXEC, v:1, k:fup@zigzag, mode:FULL, rate:0
2026-05-11 17:37:28, MOVE, v:1, k:fup@zigzag, mode:EDIT
2026-05-11 17:38:18, MOVE, v:1, k:fup@zigzag, mode:EDIT
2026-05-11 17:38:48, EXEC, v:1, k:fup@zigzag, mode:FULL, rate:0, size:18
2026-05-11 17:41:40, EXEC, v:1, k:fup@zigzag, mode:FULL, rate:0, size:18
2026-05-11 17:42:50, EXEC, v:1, k:fup@zigzag, mode:FULL, rate:0, size:18
2026-05-11 17:43:12, EXEC, v:1, k:fup@zigzag, mode:FULL, rate:0, size:18
2026-05-11 17:43:11, MOVE, v:1, k:fup@zigzag, mode:EDIT
2026-05-11 17:43:12, MOVE, v:1, k:fup@zigzag, mode:EDIT
2026-05-11 17:45:54, EXEC, v:1, k:fup@zigzag, mode:FULL, rate:0, size:13
2026-05-11 17:48:20, MOVE, v:1, k:fup@zigzag, mode:EDIT
2026-05-11 17:45:54, MOVE, v:1, k:fup@zigzag, mode:EDIT
2026-05-11 17:48:44, EXEC, v:1, k:fup@zigzag, mode:FULL, rate:100, size:18
2026-05-11 17:48:48, MOVE, v:1, k:fup@zigzag, mode:BACK
2026-05-11 17:48:57, SELF, v:1, k:fup@zigzag, self:1, rate:100, study:25
2026-05-11 17:48:44, MOVE, v:1, k:fup@zigzag, mode:EDIT
2026-05-11 17:48:44, MOVE, v:1, k:fup@zigzag, mode:EDIT
2026-05-11 18:01:04, MOVE, v:1, k:fup@xuxa, mode:PICK
2026-05-11 18:01:06, EXEC, v:1, k:fup@xuxa, mode:FULL, rate:100
2026-05-11 18:01:05, MOVE, v:1, k:fup@xuxa, mode:EDIT
2026-05-11 18:03:51, MOVE, v:1, k:fup@xuxa, mode:BACK
2026-05-11 18:03:54, MOVE, v:1, k:fup@inverte, mode:PICK
2026-05-11 18:03:55, EXEC, v:1, k:fup@inverte, mode:FULL, rate:100
2026-05-11 18:06:20, MOVE, v:1, k:fup@inverte, mode:BACK
2026-05-11 18:06:31, MOVE, v:1, k:fup@substring, mode:DOWN
2026-05-11 18:06:32, MOVE, v:1, k:fup@substring, mode:PICK
2026-05-11 18:06:33, EXEC, v:1, k:fup@substring, mode:FULL, rate:0, size:5
2026-05-11 18:03:54, MOVE, v:1, k:fup@inverte, mode:EDIT
2026-05-11 18:06:31, MOVE, v:1, k:fup@substring, mode:EDIT
2026-05-11 18:06:31, MOVE, v:1, k:fup@substring, mode:EDIT
2026-05-11 18:08:17, MOVE, v:1, k:fup@substring, mode:EDIT
2026-05-11 18:06:33, MOVE, v:1, k:fup@substring, mode:EDIT
2026-05-11 18:13:22, MOVE, v:1, k:fup@substring, mode:EDIT
2026-05-11 18:15:02, MOVE, v:1, k:fup@substring, mode:BACK
