2026-05-25 16:52:10, MOVE, v:1, k:fup@baruel, mode:PICK
2026-05-25 16:52:11, EXEC, v:1, k:fup@baruel, mode:FULL, rate:0
2026-05-25 16:52:18, EXEC, v:1, k:fup@baruel, mode:FULL, rate:0
2026-05-25 16:53:22, MOVE, v:1, k:fup@baruel, mode:BACK
2026-05-25 16:53:32, MOVE, v:1, k:fup@fuga, mode:PICK
2026-05-25 16:53:33, EXEC, v:1, k:fup@fuga, mode:FULL, rate:20
2026-05-25 16:52:18, MOVE, v:1, k:fup@baruel, mode:EDIT
2026-05-25 16:53:33, MOVE, v:1, k:fup@fuga, mode:EDIT
2026-05-25 16:54:10, MOVE, v:1, k:fup@fuga, mode:EDIT
2026-05-25 16:59:00, MOVE, v:1, k:fup@fuga, mode:EDIT
2026-05-25 17:04:06, MOVE, v:1, k:fup@fuga, mode:EDIT
2026-05-25 17:05:48, EXEC, v:1, k:fup@fuga, mode:FULL, rate:0, size:25
2026-05-25 17:06:13, EXEC, v:1, k:fup@fuga, mode:FULL, rate:0, size:25
2026-05-25 17:06:12, MOVE, v:1, k:fup@fuga, mode:EDIT
2026-05-25 17:06:13, MOVE, v:1, k:fup@fuga, mode:EDIT
2026-05-25 17:33:04, MOVE, v:1, k:fup@fuga, mode:BACK
2026-05-25 17:33:22, MOVE, v:1, k:fup@botas, mode:DOWN
2026-05-25 17:33:25, MOVE, v:1, k:fup@botas, mode:PICK
2026-05-25 17:33:26, EXEC, v:1, k:fup@botas, mode:FULL, rate:0, size:5
2026-05-25 17:33:22, MOVE, v:1, k:fup@botas, mode:EDIT
2026-05-25 17:33:22, MOVE, v:1, k:fup@botas, mode:EDIT
2026-05-25 17:34:01, MOVE, v:1, k:fup@botas, mode:EDIT
2026-05-25 17:33:26, MOVE, v:1, k:fup@botas, mode:EDIT
2026-05-25 17:38:26, MOVE, v:1, k:fup@botas, mode:EDIT
2026-05-25 17:40:00, MOVE, v:1, k:fup@botas, mode:EDIT
2026-05-25 17:45:24, MOVE, v:1, k:fup@botas, mode:EDIT
2026-05-25 17:52:37, MOVE, v:1, k:fup@botas, mode:EDIT
2026-05-25 18:13:51, MOVE, v:1, k:fup@botas, mode:BACK
2026-05-25 18:14:48, MOVE, v:1, k:fup@drone, mode:DOWN
2026-05-25 18:14:48, MOVE, v:1, k:fup@drone, mode:PICK
2026-05-25 18:14:50, EXEC, v:1, k:fup@drone, mode:FULL, rate:0, size:5
2026-05-25 18:14:50, EXEC, v:1, k:fup@drone, mode:FULL, rate:0, size:5
2026-05-25 18:17:27, MOVE, v:1, k:fup@drone, mode:BACK
